<?xml version="1.0" encoding="UTF-8"?>
<testng-results skipped="0" failed="0" ignored="0" total="1" passed="1">
  <reporter-output>
  </reporter-output>
  <suite name="Default suite" duration-ms="35319" started-at="2017-06-02T09:35:58Z" finished-at="2017-06-02T09:36:33Z">
    <groups>
    </groups>
    <test name="Default test" duration-ms="35319" started-at="2017-06-02T09:35:58Z" finished-at="2017-06-02T09:36:33Z">
      <class name="com.fishbowl.testdata.ListCreation">
        <test-method status="PASS" signature="create_list()[pri:0, instance:com.fishbowl.testdata.ListCreation@1bce4f0a]" name="create_list" duration-ms="35283" started-at="2017-06-02T15:05:58Z" finished-at="2017-06-02T15:06:33Z">
          <reporter-output>
          </reporter-output>
        </test-method> <!-- create_list -->
      </class> <!-- com.fishbowl.testdata.ListCreation -->
    </test> <!-- Default test -->
  </suite> <!-- Default suite -->
</testng-results>
