<?xml version="1.0" encoding="UTF-8"?>
<!-- Generated by org.testng.reporters.JUnitXMLReporter -->
<testsuite hostname="FB-schaudhary-ic" name="testGuru" tests="6" failures="3" timestamp="15 May 2017 09:48:20 GMT" time="230.528" errors="0">
  <testcase name="dshboardView" time="72.328" classname="analyticsLive.MyCustomGARun"/>
  <testcase name="L1_storename_dropdown" time="4.346" classname="analyticsLive.MyCustomGARun">
    <failure type="java.lang.AssertionError" message="expected [true] but found [false]">
      <![CDATA[java.lang.AssertionError: expected [true] but found [false]
	at analyticsLive.MyCustomGARun.L1_storename_dropdown(MyCustomGARun.java:35)
	at java.util.concurrent.ThreadPoolExecutor.runWorker(Unknown Source)
	at java.util.concurrent.ThreadPoolExecutor$Worker.run(Unknown Source)
	at java.lang.Thread.run(Unknown Source)
... Removed 15 stack frames]]>
    </failure>
  </testcase> <!-- L1_storename_dropdown -->
  <testcase name="Browserinvoke" time="2.484" classname="malive.MyCustomTestClass"/>
  <testcase name="CampaignPageNavigation" time="75.973" classname="malive.MyCustomTestClass">
    <failure type="java.lang.AssertionError" message="expected [true] but found [false]">
      <![CDATA[java.lang.AssertionError: expected [true] but found [false]
	at malive.MyCustomTestClass.CampaignPageNavigation(MyCustomTestClass.java:24)
	at java.util.concurrent.ThreadPoolExecutor.runWorker(Unknown Source)
	at java.util.concurrent.ThreadPoolExecutor$Worker.run(Unknown Source)
	at java.lang.Thread.run(Unknown Source)
... Removed 15 stack frames]]>
    </failure>
  </testcase> <!-- CampaignPageNavigation -->
  <testcase name="createCampaign" time="0.015" classname="malive.MyCustomTestClass">
    <failure type="java.lang.AssertionError" message="expected [true] but found [false]">
      <![CDATA[java.lang.AssertionError: expected [true] but found [false]
	at malive.MyCustomTestClass.createCampaign(MyCustomTestClass.java:30)
	at java.util.concurrent.ThreadPoolExecutor.runWorker(Unknown Source)
	at java.util.concurrent.ThreadPoolExecutor$Worker.run(Unknown Source)
	at java.lang.Thread.run(Unknown Source)
... Removed 15 stack frames]]>
    </failure>
  </testcase> <!-- createCampaign -->
  <testcase name="definingCampaign" time="60.026" classname="malive.MyCustomTestClass"/>
</testsuite> <!-- testGuru -->
