<?xml version="1.0" encoding="UTF-8"?>
<!-- Generated by org.testng.reporters.JUnitXMLReporter -->
<testsuite hostname="FB-schaudhary-ic" name="Default test" tests="171" failures="2" timestamp="23 May 2017 12:15:47 GMT" time="2600.216" errors="0">
  <testcase name="dshboardView" time="15.419" classname="com.fishbowl.gama.LiveTestCall"/>
  <testcase name="L1_storename_dropdown" time="12.45" classname="com.fishbowl.gama.LiveTestCall">
    <failure type="java.lang.AssertionError" message="expected [true] but found [false]">
      <![CDATA[java.lang.AssertionError: expected [true] but found [false]
	at org.testng.Assert.fail(Assert.java:94)
	at org.testng.Assert.failNotEquals(Assert.java:496)
	at org.testng.Assert.assertEquals(Assert.java:125)
	at org.testng.Assert.assertEquals(Assert.java:288)
	at org.testng.Assert.assertEquals(Assert.java:298)
	at com.fishbowl.gama.LiveTestCall.L1_storename_dropdown(LiveTestCall.java:38)
	at sun.reflect.NativeMethodAccessorImpl.invoke0(Native Method)
	at sun.reflect.NativeMethodAccessorImpl.invoke(Unknown Source)
	at sun.reflect.DelegatingMethodAccessorImpl.invoke(Unknown Source)
	at java.lang.reflect.Method.invoke(Unknown Source)
	at org.testng.internal.MethodInvocationHelper.invokeMethod(MethodInvocationHelper.java:85)
	at org.testng.internal.Invoker.invokeMethod(Invoker.java:659)
	at org.testng.internal.Invoker.invokeTestMethod(Invoker.java:845)
	at org.testng.internal.Invoker.invokeTestMethods(Invoker.java:1153)
	at org.testng.internal.TestMethodWorker.invokeTestMethods(TestMethodWorker.java:125)
	at org.testng.internal.TestMethodWorker.run(TestMethodWorker.java:108)
	at org.testng.TestRunner.privateRun(TestRunner.java:771)
	at org.testng.TestRunner.run(TestRunner.java:621)
	at org.testng.SuiteRunner.runTest(SuiteRunner.java:357)
	at org.testng.SuiteRunner.runSequentially(SuiteRunner.java:352)
	at org.testng.SuiteRunner.privateRun(SuiteRunner.java:310)
	at org.testng.SuiteRunner.run(SuiteRunner.java:259)
	at org.testng.SuiteRunnerWorker.runSuite(SuiteRunnerWorker.java:52)
	at org.testng.SuiteRunnerWorker.run(SuiteRunnerWorker.java:86)
	at org.testng.TestNG.runSuitesSequentially(TestNG.java:1199)
	at org.testng.TestNG.runSuitesLocally(TestNG.java:1124)
	at org.testng.TestNG.run(TestNG.java:1032)
	at org.testng.remote.AbstractRemoteTestNG.run(AbstractRemoteTestNG.java:132)
	at org.testng.remote.RemoteTestNG.initAndRun(RemoteTestNG.java:230)
	at org.testng.remote.RemoteTestNG.main(RemoteTestNG.java:76)
]]>
    </failure>
  </testcase> <!-- L1_storename_dropdown -->
  <testcase name="L1_storelist_dropdown" time="4.891" classname="com.fishbowl.gama.LiveTestCall">
    <failure type="java.lang.AssertionError" message="expected [true] but found [false]">
      <![CDATA[java.lang.AssertionError: expected [true] but found [false]
	at org.testng.Assert.fail(Assert.java:94)
	at org.testng.Assert.failNotEquals(Assert.java:496)
	at org.testng.Assert.assertEquals(Assert.java:125)
	at org.testng.Assert.assertEquals(Assert.java:288)
	at org.testng.Assert.assertEquals(Assert.java:298)
	at com.fishbowl.gama.LiveTestCall.L1_storelist_dropdown(LiveTestCall.java:44)
	at sun.reflect.NativeMethodAccessorImpl.invoke0(Native Method)
	at sun.reflect.NativeMethodAccessorImpl.invoke(Unknown Source)
	at sun.reflect.DelegatingMethodAccessorImpl.invoke(Unknown Source)
	at java.lang.reflect.Method.invoke(Unknown Source)
	at org.testng.internal.MethodInvocationHelper.invokeMethod(MethodInvocationHelper.java:85)
	at org.testng.internal.Invoker.invokeMethod(Invoker.java:659)
	at org.testng.internal.Invoker.invokeTestMethod(Invoker.java:845)
	at org.testng.internal.Invoker.invokeTestMethods(Invoker.java:1153)
	at org.testng.internal.TestMethodWorker.invokeTestMethods(TestMethodWorker.java:125)
	at org.testng.internal.TestMethodWorker.run(TestMethodWorker.java:108)
	at org.testng.TestRunner.privateRun(TestRunner.java:771)
	at org.testng.TestRunner.run(TestRunner.java:621)
	at org.testng.SuiteRunner.runTest(SuiteRunner.java:357)
	at org.testng.SuiteRunner.runSequentially(SuiteRunner.java:352)
	at org.testng.SuiteRunner.privateRun(SuiteRunner.java:310)
	at org.testng.SuiteRunner.run(SuiteRunner.java:259)
	at org.testng.SuiteRunnerWorker.runSuite(SuiteRunnerWorker.java:52)
	at org.testng.SuiteRunnerWorker.run(SuiteRunnerWorker.java:86)
	at org.testng.TestNG.runSuitesSequentially(TestNG.java:1199)
	at org.testng.TestNG.runSuitesLocally(TestNG.java:1124)
	at org.testng.TestNG.run(TestNG.java:1032)
	at org.testng.remote.AbstractRemoteTestNG.run(AbstractRemoteTestNG.java:132)
	at org.testng.remote.RemoteTestNG.initAndRun(RemoteTestNG.java:230)
	at org.testng.remote.RemoteTestNG.main(RemoteTestNG.java:76)
]]>
    </failure>
  </testcase> <!-- L1_storelist_dropdown -->
  <testcase name="L1_buttonQuaterApply" time="43.962" classname="com.fishbowl.gama.LiveTestCall"/>
  <testcase name="L1_buttonPeriodApply" time="43.779" classname="com.fishbowl.gama.LiveTestCall"/>
  <testcase name="L1_buttonYearApply" time="2.313" classname="com.fishbowl.gama.LiveTestCall"/>
  <testcase name="checkboxClick" time="8.394" classname="com.fishbowl.gama.LiveTestCall"/>
  <testcase name="L1_dateStartend" time="0.05" classname="com.fishbowl.gama.LiveTestCall"/>
  <testcase name="L2_netSalesNavigator" time="15.196" classname="com.fishbowl.gama.LiveTestCall"/>
  <testcase name="netSalesQuarterDropdown" time="10.892" classname="com.fishbowl.gama.LiveTestCall"/>
  <testcase name="netSalesPeriodDropdown" time="11.364" classname="com.fishbowl.gama.LiveTestCall"/>
  <testcase name="netSalesFilterDataCheck" time="10.099" classname="com.fishbowl.gama.LiveTestCall"/>
  <testcase name="netsalesOverTime" time="24.963" classname="com.fishbowl.gama.LiveTestCall"/>
  <testcase name="nsOTFilerCheck" time="18.565" classname="com.fishbowl.gama.LiveTestCall"/>
  <testcase name="nsOTBack" time="8.382" classname="com.fishbowl.gama.LiveTestCall"/>
  <testcase name="netsalesDayPart" time="24.666" classname="com.fishbowl.gama.LiveTestCall"/>
  <testcase name="nsDPFilerCheck" time="18.267" classname="com.fishbowl.gama.LiveTestCall"/>
  <testcase name="nsDPBack" time="8.321" classname="com.fishbowl.gama.LiveTestCall"/>
  <testcase name="netsalesOrderMode" time="24.64" classname="com.fishbowl.gama.LiveTestCall"/>
  <testcase name="nsOMFilerCheck" time="18.602" classname="com.fishbowl.gama.LiveTestCall"/>
  <testcase name="nsOMBack" time="8.395" classname="com.fishbowl.gama.LiveTestCall"/>
  <testcase name="netsalesDayOfWeek" time="24.662" classname="com.fishbowl.gama.LiveTestCall"/>
  <testcase name="nsDWFilerCheck" time="19.134" classname="com.fishbowl.gama.LiveTestCall"/>
  <testcase name="nsDWBack" time="8.321" classname="com.fishbowl.gama.LiveTestCall"/>
  <testcase name="netsalesBack" time="13.144" classname="com.fishbowl.gama.LiveTestCall"/>
  <testcase name="L2_checkAverageNavigator" time="18.55" classname="com.fishbowl.gama.LiveTestCall"/>
  <testcase name="checkAverageQuarterDropdown" time="13.209" classname="com.fishbowl.gama.LiveTestCall"/>
  <testcase name="checkAveragePeriodDropdown" time="13.5" classname="com.fishbowl.gama.LiveTestCall"/>
  <testcase name="checkAverageFilterDataCheck" time="10.636" classname="com.fishbowl.gama.LiveTestCall"/>
  <testcase name="checkAverageOverTime" time="24.932" classname="com.fishbowl.gama.LiveTestCall"/>
  <testcase name="caOTFilerCheck" time="17.938" classname="com.fishbowl.gama.LiveTestCall"/>
  <testcase name="caOTBack" time="8.292" classname="com.fishbowl.gama.LiveTestCall"/>
  <testcase name="checkAverageTopStores" time="24.679" classname="com.fishbowl.gama.LiveTestCall"/>
  <testcase name="caTSFilerCheck" time="19.146" classname="com.fishbowl.gama.LiveTestCall"/>
  <testcase name="caTSBack" time="8.317" classname="com.fishbowl.gama.LiveTestCall"/>
  <testcase name="checkAverageMenuMix" time="24.765" classname="com.fishbowl.gama.LiveTestCall"/>
  <testcase name="caMMFilerCheck" time="17.159" classname="com.fishbowl.gama.LiveTestCall"/>
  <testcase name="caMMBack" time="8.306" classname="com.fishbowl.gama.LiveTestCall"/>
  <testcase name="checkAverageBack" time="2.231" classname="com.fishbowl.gama.LiveTestCall"/>
  <testcase name="L2_guestMixNavigator" time="26.305" classname="com.fishbowl.gama.LiveTestCall"/>
  <testcase name="guestMixQuarterDropdown" time="21.189" classname="com.fishbowl.gama.LiveTestCall"/>
  <testcase name="guestMixPeriodDropdown" time="19.111" classname="com.fishbowl.gama.LiveTestCall"/>
  <testcase name="guestMixFilterDataCheck" time="6.6" classname="com.fishbowl.gama.LiveTestCall"/>
  <testcase name="guestMixOverTime" time="24.726" classname="com.fishbowl.gama.LiveTestCall"/>
  <testcase name="gmOTFilerCheck" time="17.684" classname="com.fishbowl.gama.LiveTestCall"/>
  <testcase name="gmOTBack" time="8.333" classname="com.fishbowl.gama.LiveTestCall"/>
  <testcase name="guestMixDayPart" time="24.66" classname="com.fishbowl.gama.LiveTestCall"/>
  <testcase name="gmDPFilerCheck" time="18.115" classname="com.fishbowl.gama.LiveTestCall"/>
  <testcase name="gmDPBack" time="8.322" classname="com.fishbowl.gama.LiveTestCall"/>
  <testcase name="guestMixOrderMode" time="24.798" classname="com.fishbowl.gama.LiveTestCall"/>
  <testcase name="gmOMFilerCheck" time="18.664" classname="com.fishbowl.gama.LiveTestCall"/>
  <testcase name="gmOMBack" time="8.322" classname="com.fishbowl.gama.LiveTestCall"/>
  <testcase name="guestMixDayOfWeek" time="24.762" classname="com.fishbowl.gama.LiveTestCall"/>
  <testcase name="gmDWFilerCheck" time="18.362" classname="com.fishbowl.gama.LiveTestCall"/>
  <testcase name="gmDWBack" time="8.32" classname="com.fishbowl.gama.LiveTestCall"/>
  <testcase name="guestMixBack" time="2.099" classname="com.fishbowl.gama.LiveTestCall"/>
  <testcase name="L2_checkCountNavigator" time="25.007" classname="com.fishbowl.gama.LiveTestCall"/>
  <testcase name="checkCountQuarterDropdown" time="18.414" classname="com.fishbowl.gama.LiveTestCall"/>
  <testcase name="checkCountPeriodDropdown" time="3.441" classname="com.fishbowl.gama.LiveTestCall"/>
  <testcase name="checkCountFilterDataCheck" time="9.134" classname="com.fishbowl.gama.LiveTestCall"/>
  <testcase name="checkCountOverTime" time="24.759" classname="com.fishbowl.gama.LiveTestCall"/>
  <testcase name="ccOTFilerCheck" time="18.862" classname="com.fishbowl.gama.LiveTestCall"/>
  <testcase name="ccOTBack" time="8.353" classname="com.fishbowl.gama.LiveTestCall"/>
  <testcase name="checkCountDayPart" time="24.758" classname="com.fishbowl.gama.LiveTestCall"/>
  <testcase name="ccDPFilerCheck" time="18.342" classname="com.fishbowl.gama.LiveTestCall"/>
  <testcase name="ccDPBack" time="8.521" classname="com.fishbowl.gama.LiveTestCall"/>
  <testcase name="checkCountOrderMode" time="24.857" classname="com.fishbowl.gama.LiveTestCall"/>
  <testcase name="ccOMFilerCheck" time="18.249" classname="com.fishbowl.gama.LiveTestCall"/>
  <testcase name="ccOMBack" time="8.315" classname="com.fishbowl.gama.LiveTestCall"/>
  <testcase name="checkCountDayOfWeek" time="24.966" classname="com.fishbowl.gama.LiveTestCall"/>
  <testcase name="ccDWFilerCheck" time="17.809" classname="com.fishbowl.gama.LiveTestCall"/>
  <testcase name="ccDWBack" time="8.334" classname="com.fishbowl.gama.LiveTestCall"/>
  <testcase name="checkCountBack" time="2.992" classname="com.fishbowl.gama.LiveTestCall"/>
  <testcase name="L2_discountNavigator" time="20.468" classname="com.fishbowl.gama.LiveTestCall"/>
  <testcase name="discountQuarterDropdown" time="25.957" classname="com.fishbowl.gama.LiveTestCall"/>
  <testcase name="discountPeriodDropdown" time="9.21" classname="com.fishbowl.gama.LiveTestCall"/>
  <testcase name="discountFilterDataCheck" time="8.958" classname="com.fishbowl.gama.LiveTestCall"/>
  <testcase name="discountOverTime" time="24.76" classname="com.fishbowl.gama.LiveTestCall"/>
  <testcase name="dOTFilerCheck" time="19.166" classname="com.fishbowl.gama.LiveTestCall"/>
  <testcase name="dOTBack" time="8.355" classname="com.fishbowl.gama.LiveTestCall"/>
  <testcase name="discountDiscountDistribution" time="24.688" classname="com.fishbowl.gama.LiveTestCall"/>
  <testcase name="dDDFilerCheck" time="17.954" classname="com.fishbowl.gama.LiveTestCall"/>
  <testcase name="dDDPBack" time="8.286" classname="com.fishbowl.gama.LiveTestCall"/>
  <testcase name="discountOrderMode" time="24.626" classname="com.fishbowl.gama.LiveTestCall"/>
  <testcase name="dOMFilerCheck" time="17.79" classname="com.fishbowl.gama.LiveTestCall"/>
  <testcase name="dOMBack" time="8.27" classname="com.fishbowl.gama.LiveTestCall"/>
  <testcase name="discountDayOfWeek" time="24.602" classname="com.fishbowl.gama.LiveTestCall"/>
  <testcase name="dDWFilerCheck" time="18.108" classname="com.fishbowl.gama.LiveTestCall"/>
  <testcase name="dDWBack" time="8.34" classname="com.fishbowl.gama.LiveTestCall"/>
  <testcase name="discountBack" time="2.006" classname="com.fishbowl.gama.LiveTestCall"/>
  <testcase name="L2_grossSalesNavigator" time="20.746" classname="com.fishbowl.gama.LiveTestCall"/>
  <testcase name="grossSalesQuarterDropdown" time="11.163" classname="com.fishbowl.gama.LiveTestCall"/>
  <testcase name="grossSalesPeriodDropdown" time="4.06" classname="com.fishbowl.gama.LiveTestCall"/>
  <testcase name="grossSalesFilterDataCheck" time="10.163" classname="com.fishbowl.gama.LiveTestCall"/>
  <testcase name="grossSalesOverTime" time="24.683" classname="com.fishbowl.gama.LiveTestCall"/>
  <testcase name="grsSOTFilerCheck" time="20.828" classname="com.fishbowl.gama.LiveTestCall"/>
  <testcase name="grsSOTBack" time="8.323" classname="com.fishbowl.gama.LiveTestCall"/>
  <testcase name="grossSalesDayPart" time="24.709" classname="com.fishbowl.gama.LiveTestCall"/>
  <testcase name="grsSDPFilerCheck" time="18.599" classname="com.fishbowl.gama.LiveTestCall"/>
  <testcase name="grsSDPBack" time="8.293" classname="com.fishbowl.gama.LiveTestCall"/>
  <testcase name="grossSalesOrderMode" time="24.651" classname="com.fishbowl.gama.LiveTestCall"/>
  <testcase name="grsSOMFilerCheck" time="18.691" classname="com.fishbowl.gama.LiveTestCall"/>
  <testcase name="grsSOMBack" time="8.367" classname="com.fishbowl.gama.LiveTestCall"/>
  <testcase name="grossSalesDayOfWeek" time="24.67" classname="com.fishbowl.gama.LiveTestCall"/>
  <testcase name="grsSDWFilerCheck" time="20.425" classname="com.fishbowl.gama.LiveTestCall"/>
  <testcase name="grsSDWBack" time="8.346" classname="com.fishbowl.gama.LiveTestCall"/>
  <testcase name="grossSalesBack" time="3.967" classname="com.fishbowl.gama.LiveTestCall"/>
  <testcase name="L2_guestCountNavigator" time="22.739" classname="com.fishbowl.gama.LiveTestCall"/>
  <testcase name="guestCountQuarterDropdown" time="16.902" classname="com.fishbowl.gama.LiveTestCall"/>
  <testcase name="guestCountPeriodDropdown" time="3.385" classname="com.fishbowl.gama.LiveTestCall"/>
  <testcase name="guestCountFilterDataCheck" time="11.285" classname="com.fishbowl.gama.LiveTestCall"/>
  <testcase name="guestCountOverTime" time="24.778" classname="com.fishbowl.gama.LiveTestCall"/>
  <testcase name="gcOTFilerCheck" time="22.106" classname="com.fishbowl.gama.LiveTestCall"/>
  <testcase name="gcOTBack" time="8.422" classname="com.fishbowl.gama.LiveTestCall"/>
  <testcase name="guestCountDayPart" time="25.185" classname="com.fishbowl.gama.LiveTestCall"/>
  <testcase name="gcDPFilerCheck" time="20.042" classname="com.fishbowl.gama.LiveTestCall"/>
  <testcase name="gcDPBack" time="8.356" classname="com.fishbowl.gama.LiveTestCall"/>
  <testcase name="guestCountOrderMode" time="25.031" classname="com.fishbowl.gama.LiveTestCall"/>
  <testcase name="gcOMFilerCheck" time="19.153" classname="com.fishbowl.gama.LiveTestCall"/>
  <testcase name="gcOMBack" time="8.303" classname="com.fishbowl.gama.LiveTestCall"/>
  <testcase name="guestCountDayOfWeek" time="24.687" classname="com.fishbowl.gama.LiveTestCall"/>
  <testcase name="gcDWFilerCheck" time="19.307" classname="com.fishbowl.gama.LiveTestCall"/>
  <testcase name="gcDWBack" time="8.367" classname="com.fishbowl.gama.LiveTestCall"/>
  <testcase name="guestCountBack" time="2.788" classname="com.fishbowl.gama.LiveTestCall"/>
  <testcase name="L3_ItemSales" time="17.23" classname="com.fishbowl.gama.LiveTestCall"/>
  <testcase name="itemSalesFilerCheck" time="26.741" classname="com.fishbowl.gama.LiveTestCall"/>
  <testcase name="itemSalesBack" time="1.292" classname="com.fishbowl.gama.LiveTestCall"/>
  <testcase name="L3_TopStores" time="6.535" classname="com.fishbowl.gama.LiveTestCall"/>
  <testcase name="topStoresFilerCheck" time="22.417" classname="com.fishbowl.gama.LiveTestCall"/>
  <testcase name="topStoresBack" time="0.727" classname="com.fishbowl.gama.LiveTestCall"/>
  <testcase name="L3_Campaign" time="7.903" classname="com.fishbowl.gama.LiveTestCall"/>
  <testcase name="campaignFilerCheck" time="25.771" classname="com.fishbowl.gama.LiveTestCall"/>
  <testcase name="campaignBack" time="2.769" classname="com.fishbowl.gama.LiveTestCall"/>
  <testcase name="L3_clusterSpendNavigator" time="18.895" classname="com.fishbowl.gama.LiveTestCall"/>
  <testcase name="clusterSpendFilerCheck" time="30.051" classname="com.fishbowl.gama.LiveTestCall"/>
  <testcase name="clusterSpendBack" time="2.482" classname="com.fishbowl.gama.LiveTestCall"/>
  <testcase name="L3_clusterFrequencyNavigator" time="9.158" classname="com.fishbowl.gama.LiveTestCall"/>
  <testcase name="clusterFrequencyFilerCheck" time="37.805" classname="com.fishbowl.gama.LiveTestCall"/>
  <testcase name="clusterFrequencyBack" time="2.949" classname="com.fishbowl.gama.LiveTestCall"/>
  <testcase name="L3_clusterVolumeNavigator" time="21.868" classname="com.fishbowl.gama.LiveTestCall"/>
  <testcase name="clusterVolumeFilerCheck" time="28.362" classname="com.fishbowl.gama.LiveTestCall"/>
  <testcase name="clusterVolumeBack" time="2.608" classname="com.fishbowl.gama.LiveTestCall"/>
  <testcase name="L3_clusterRecencyNavigator" time="10.806" classname="com.fishbowl.gama.LiveTestCall"/>
  <testcase name="clusterRecencyFilerCheck" time="39.325" classname="com.fishbowl.gama.LiveTestCall"/>
  <testcase name="clusterRecencyBack" time="3.126" classname="com.fishbowl.gama.LiveTestCall"/>
  <testcase name="L3_PersonaNavigator" time="7.49" classname="com.fishbowl.gama.LiveTestCall"/>
  <testcase name="PersonaFilerCheck" time="52.373" classname="com.fishbowl.gama.LiveTestCall"/>
  <testcase name="PersonaBack" time="2.739" classname="com.fishbowl.gama.LiveTestCall"/>
  <testcase name="L3_PromotionNavigator" time="20.318" classname="com.fishbowl.gama.LiveTestCall"/>
  <testcase name="PromotionFilerCheck" time="32.509" classname="com.fishbowl.gama.LiveTestCall"/>
  <testcase name="PromotionBack" time="3.018" classname="com.fishbowl.gama.LiveTestCall"/>
  <testcase name="L3_LoyaltyNavigator" time="11.375" classname="com.fishbowl.gama.LiveTestCall"/>
  <testcase name="LoyaltyFilerCheck" time="37.715" classname="com.fishbowl.gama.LiveTestCall"/>
  <testcase name="L1_SMA" time="16.328" classname="com.fishbowl.gama.LiveTestCall"/>
  <testcase name="L3_SMSDetails" time="23.171" classname="com.fishbowl.gama.LiveTestCall"/>
  <testcase name="smaDetailsFilerCheck" time="27.648" classname="com.fishbowl.gama.LiveTestCall"/>
  <testcase name="dshboardViewMA" time="3.714" classname="com.fishbowl.gama.LiveTestCall"/>
  <testcase name="MaCampaignPageNavigation" time="6.356" classname="com.fishbowl.gama.LiveTestCall"/>
  <testcase name="createBroadcastCampaign" time="17.657" classname="com.fishbowl.gama.LiveTestCall"/>
  <testcase name="definingBroadcastCampaign" time="3.091" classname="com.fishbowl.gama.LiveTestCall"/>
  <testcase name="audienceBroadcastSelection" time="0.183" classname="com.fishbowl.gama.LiveTestCall"/>
  <testcase name="storeBroadcastSelection" time="4.484" classname="com.fishbowl.gama.LiveTestCall"/>
  <testcase name="snedBroadcastNow" time="1.072" classname="com.fishbowl.gama.LiveTestCall"/>
  <testcase name="publishBroadcastMessage" time="1.28" classname="com.fishbowl.gama.LiveTestCall"/>
  <testcase name="acquisitionStart" time="8.625" classname="com.fishbowl.gama.LiveTestCall"/>
  <testcase name="acqcampaignNaivation" time="2.186" classname="com.fishbowl.gama.LiveTestCall"/>
  <testcase name="acqcampaignCreation" time="3.514" classname="com.fishbowl.gama.LiveTestCall"/>
  <testcase name="acqdefineCmapaign" time="4.051" classname="com.fishbowl.gama.LiveTestCall"/>
  <testcase name="acqsubscriptionCriteria" time="0.262" classname="com.fishbowl.gama.LiveTestCall"/>
  <testcase name="acqscheduling" time="5.186" classname="com.fishbowl.gama.LiveTestCall"/>
  <testcase name="acqpublishig" time="5.247" classname="com.fishbowl.gama.LiveTestCall"/>
</testsuite> <!-- Default test -->
