<?xml version="1.0" encoding="UTF-8"?>
<!-- Generated by org.testng.reporters.JUnitXMLReporter -->
<testsuite hostname="FB-schaudhary-ic" name="Default test" tests="9" failures="0" timestamp="22 May 2017 15:08:15 GMT" time="466.162" errors="0">
  <testcase name="TestCockpit" time="16.218" classname="pkg1.Optimized"/>
  <testcase name="TestNetsales" time="33.434" classname="pkg1.Optimized"/>
  <testcase name="TestCheckAvg" time="209.491" classname="pkg1.Optimized"/>
  <testcase name="TestCheckcount" time="38.565" classname="pkg1.Optimized"/>
  <testcase name="TestDiscount" time="31.467" classname="pkg1.Optimized"/>
  <testcase name="TestgrossSales" time="24.962" classname="pkg1.Optimized"/>
  <testcase name="TestGuestCount" time="27.785" classname="pkg1.Optimized"/>
  <testcase name="TestGuestMix" time="41.46" classname="pkg1.Optimized"/>
  <testcase name="RestL3" time="12.442" classname="pkg1.Optimized"/>
</testsuite> <!-- Default test -->
