<?xml version="1.0" encoding="UTF-8"?>
<testng-results skipped="0" failed="1" total="9" passed="8">
  <reporter-output>
  </reporter-output>
  <suite name="Default suite" duration-ms="488094" started-at="2017-05-12T05:25:26Z" finished-at="2017-05-12T05:33:34Z">
    <groups>
    </groups>
    <test name="Default test" duration-ms="488094" started-at="2017-05-12T05:25:26Z" finished-at="2017-05-12T05:33:34Z">
      <class name="malive.SMSBroadcastStore">
        <test-method status="PASS" signature="Browserinvoke()[pri:0, instance:malive.SMSBroadcastStore@402f32ff]" name="Browserinvoke" is-config="true" duration-ms="25267" started-at="2017-05-12T10:55:26Z" finished-at="2017-05-12T10:55:51Z">
          <reporter-output>
          </reporter-output>
        </test-method> <!-- Browserinvoke -->
        <test-method status="PASS" signature="dshboardView()[pri:0, instance:malive.SMSBroadcastStore@402f32ff]" name="dshboardView" duration-ms="13242" started-at="2017-05-12T10:55:51Z" finished-at="2017-05-12T10:56:04Z">
          <reporter-output>
          </reporter-output>
        </test-method> <!-- dshboardView -->
        <test-method status="PASS" signature="CampaignPageNavigation()[pri:0, instance:malive.SMSBroadcastStore@402f32ff]" name="CampaignPageNavigation" duration-ms="1682" started-at="2017-05-12T10:56:04Z" finished-at="2017-05-12T10:56:06Z">
          <reporter-output>
          </reporter-output>
        </test-method> <!-- CampaignPageNavigation -->
        <test-method status="PASS" signature="createCampaign()[pri:0, instance:malive.SMSBroadcastStore@402f32ff]" name="createCampaign" duration-ms="5462" started-at="2017-05-12T10:56:06Z" finished-at="2017-05-12T10:56:11Z">
          <reporter-output>
          </reporter-output>
        </test-method> <!-- createCampaign -->
        <test-method status="PASS" signature="definingCampaign()[pri:0, instance:malive.SMSBroadcastStore@402f32ff]" name="definingCampaign" duration-ms="1634" started-at="2017-05-12T10:56:11Z" finished-at="2017-05-12T10:56:13Z">
          <reporter-output>
          </reporter-output>
        </test-method> <!-- definingCampaign -->
        <test-method status="PASS" signature="audienceSelection()[pri:0, instance:malive.SMSBroadcastStore@402f32ff]" name="audienceSelection" duration-ms="69733" started-at="2017-05-12T10:56:13Z" finished-at="2017-05-12T10:57:23Z">
          <reporter-output>
          </reporter-output>
        </test-method> <!-- audienceSelection -->
        <test-method status="FAIL" signature="storeSelection()[pri:0, instance:malive.SMSBroadcastStore@402f32ff]" name="storeSelection" duration-ms="100176" started-at="2017-05-12T10:57:23Z" finished-at="2017-05-12T10:59:03Z">
          <exception class="java.lang.AssertionError">
            <message>
              <![CDATA[expected [true] but found [false]]]>
            </message>
            <full-stacktrace>
              <![CDATA[java.lang.AssertionError: expected [true] but found [false]
	at org.testng.Assert.fail(Assert.java:94)
	at org.testng.Assert.failNotEquals(Assert.java:496)
	at org.testng.Assert.assertEquals(Assert.java:125)
	at org.testng.Assert.assertEquals(Assert.java:288)
	at org.testng.Assert.assertEquals(Assert.java:298)
	at malive.SMSBroadcastStore.storeSelection(SMSBroadcastStore.java:50)
	at sun.reflect.NativeMethodAccessorImpl.invoke0(Native Method)
	at sun.reflect.NativeMethodAccessorImpl.invoke(Unknown Source)
	at sun.reflect.DelegatingMethodAccessorImpl.invoke(Unknown Source)
	at java.lang.reflect.Method.invoke(Unknown Source)
	at org.testng.internal.MethodInvocationHelper.invokeMethod(MethodInvocationHelper.java:85)
	at org.testng.internal.Invoker.invokeMethod(Invoker.java:659)
	at org.testng.internal.Invoker.invokeTestMethod(Invoker.java:845)
	at org.testng.internal.Invoker.invokeTestMethods(Invoker.java:1153)
	at org.testng.internal.TestMethodWorker.invokeTestMethods(TestMethodWorker.java:125)
	at org.testng.internal.TestMethodWorker.run(TestMethodWorker.java:108)
	at org.testng.TestRunner.privateRun(TestRunner.java:771)
	at org.testng.TestRunner.run(TestRunner.java:621)
	at org.testng.SuiteRunner.runTest(SuiteRunner.java:357)
	at org.testng.SuiteRunner.runSequentially(SuiteRunner.java:352)
	at org.testng.SuiteRunner.privateRun(SuiteRunner.java:310)
	at org.testng.SuiteRunner.run(SuiteRunner.java:259)
	at org.testng.SuiteRunnerWorker.runSuite(SuiteRunnerWorker.java:52)
	at org.testng.SuiteRunnerWorker.run(SuiteRunnerWorker.java:86)
	at org.testng.TestNG.runSuitesSequentially(TestNG.java:1199)
	at org.testng.TestNG.runSuitesLocally(TestNG.java:1124)
	at org.testng.TestNG.run(TestNG.java:1032)
	at org.testng.remote.AbstractRemoteTestNG.run(AbstractRemoteTestNG.java:132)
	at org.testng.remote.RemoteTestNG.initAndRun(RemoteTestNG.java:230)
	at org.testng.remote.RemoteTestNG.main(RemoteTestNG.java:76)
]]>
            </full-stacktrace>
          </exception> <!-- java.lang.AssertionError -->
          <reporter-output>
          </reporter-output>
        </test-method> <!-- storeSelection -->
        <test-method status="PASS" signature="snedNow()[pri:0, instance:malive.SMSBroadcastStore@402f32ff]" name="snedNow" duration-ms="60214" started-at="2017-05-12T10:59:03Z" finished-at="2017-05-12T11:00:03Z">
          <reporter-output>
          </reporter-output>
        </test-method> <!-- snedNow -->
        <test-method status="PASS" signature="publishMessage()[pri:0, instance:malive.SMSBroadcastStore@402f32ff]" name="publishMessage" duration-ms="60360" started-at="2017-05-12T11:00:03Z" finished-at="2017-05-12T11:01:03Z">
          <reporter-output>
          </reporter-output>
        </test-method> <!-- publishMessage -->
        <test-method status="PASS" signature="databseCheck()[pri:0, instance:malive.SMSBroadcastStore@402f32ff]" name="databseCheck" duration-ms="150290" started-at="2017-05-12T11:01:03Z" finished-at="2017-05-12T11:03:34Z">
          <reporter-output>
          </reporter-output>
        </test-method> <!-- databseCheck -->
      </class> <!-- malive.SMSBroadcastStore -->
    </test> <!-- Default test -->
  </suite> <!-- Default suite -->
</testng-results>
