<?xml version="1.0" encoding="UTF-8"?>
<testng-results skipped="0" failed="2" total="171" passed="169">
  <reporter-output>
  </reporter-output>
  <suite name="Default suite" duration-ms="2600216" started-at="2017-05-23T11:32:27Z" finished-at="2017-05-23T12:15:47Z">
    <groups>
    </groups>
    <test name="Default test" duration-ms="2600216" started-at="2017-05-23T11:32:27Z" finished-at="2017-05-23T12:15:47Z">
      <class name="com.fishbowl.gama.LiveTestCall">
        <test-method status="PASS" signature="Browserinvoke()[pri:0, instance:com.fishbowl.gama.LiveTestCall@1810399e]" name="Browserinvoke" is-config="true" duration-ms="13073" started-at="2017-05-23T17:02:27Z" finished-at="2017-05-23T17:02:40Z">
          <reporter-output>
          </reporter-output>
        </test-method> <!-- Browserinvoke -->
        <test-method status="PASS" signature="dshboardView()[pri:0, instance:com.fishbowl.gama.LiveTestCall@1810399e]" name="dshboardView" duration-ms="15419" started-at="2017-05-23T17:02:40Z" finished-at="2017-05-23T17:02:55Z">
          <reporter-output>
          </reporter-output>
        </test-method> <!-- dshboardView -->
        <test-method status="PASS" signature="tearDown(org.testng.ITestResult)[pri:0, instance:com.fishbowl.gama.LiveTestCall@1810399e]" name="tearDown" is-config="true" duration-ms="293" started-at="2017-05-23T17:02:55Z" finished-at="2017-05-23T17:02:55Z">
          <params>
            <param index="0">
              <value>
                <![CDATA[[TestResult name=dshboardView status=SUCCESS method=LiveTestCall.dshboardView()[pri:0, instance:com.fishbowl.gama.LiveTestCall@1810399e] output={null}]]]>
              </value>
            </param>
          </params>
          <reporter-output>
          </reporter-output>
        </test-method> <!-- tearDown -->
        <test-method status="FAIL" signature="L1_storename_dropdown()[pri:0, instance:com.fishbowl.gama.LiveTestCall@1810399e]" name="L1_storename_dropdown" duration-ms="12450" started-at="2017-05-23T17:02:55Z" finished-at="2017-05-23T17:03:08Z">
          <exception class="java.lang.AssertionError">
            <message>
              <![CDATA[expected [true] but found [false]]]>
            </message>
            <full-stacktrace>
              <![CDATA[java.lang.AssertionError: expected [true] but found [false]
	at org.testng.Assert.fail(Assert.java:94)
	at org.testng.Assert.failNotEquals(Assert.java:496)
	at org.testng.Assert.assertEquals(Assert.java:125)
	at org.testng.Assert.assertEquals(Assert.java:288)
	at org.testng.Assert.assertEquals(Assert.java:298)
	at com.fishbowl.gama.LiveTestCall.L1_storename_dropdown(LiveTestCall.java:38)
	at sun.reflect.NativeMethodAccessorImpl.invoke0(Native Method)
	at sun.reflect.NativeMethodAccessorImpl.invoke(Unknown Source)
	at sun.reflect.DelegatingMethodAccessorImpl.invoke(Unknown Source)
	at java.lang.reflect.Method.invoke(Unknown Source)
	at org.testng.internal.MethodInvocationHelper.invokeMethod(MethodInvocationHelper.java:85)
	at org.testng.internal.Invoker.invokeMethod(Invoker.java:659)
	at org.testng.internal.Invoker.invokeTestMethod(Invoker.java:845)
	at org.testng.internal.Invoker.invokeTestMethods(Invoker.java:1153)
	at org.testng.internal.TestMethodWorker.invokeTestMethods(TestMethodWorker.java:125)
	at org.testng.internal.TestMethodWorker.run(TestMethodWorker.java:108)
	at org.testng.TestRunner.privateRun(TestRunner.java:771)
	at org.testng.TestRunner.run(TestRunner.java:621)
	at org.testng.SuiteRunner.runTest(SuiteRunner.java:357)
	at org.testng.SuiteRunner.runSequentially(SuiteRunner.java:352)
	at org.testng.SuiteRunner.privateRun(SuiteRunner.java:310)
	at org.testng.SuiteRunner.run(SuiteRunner.java:259)
	at org.testng.SuiteRunnerWorker.runSuite(SuiteRunnerWorker.java:52)
	at org.testng.SuiteRunnerWorker.run(SuiteRunnerWorker.java:86)
	at org.testng.TestNG.runSuitesSequentially(TestNG.java:1199)
	at org.testng.TestNG.runSuitesLocally(TestNG.java:1124)
	at org.testng.TestNG.run(TestNG.java:1032)
	at org.testng.remote.AbstractRemoteTestNG.run(AbstractRemoteTestNG.java:132)
	at org.testng.remote.RemoteTestNG.initAndRun(RemoteTestNG.java:230)
	at org.testng.remote.RemoteTestNG.main(RemoteTestNG.java:76)
]]>
            </full-stacktrace>
          </exception> <!-- java.lang.AssertionError -->
          <reporter-output>
          </reporter-output>
        </test-method> <!-- L1_storename_dropdown -->
        <test-method status="PASS" signature="tearDown(org.testng.ITestResult)[pri:0, instance:com.fishbowl.gama.LiveTestCall@1810399e]" name="tearDown" is-config="true" duration-ms="96" started-at="2017-05-23T17:03:08Z" finished-at="2017-05-23T17:03:08Z">
          <params>
            <param index="0">
              <value>
                <![CDATA[[TestResult name=L1_storename_dropdown status=FAILURE method=LiveTestCall.L1_storename_dropdown()[pri:0, instance:com.fishbowl.gama.LiveTestCall@1810399e] output={null}]]]>
              </value>
            </param>
          </params>
          <reporter-output>
          </reporter-output>
        </test-method> <!-- tearDown -->
        <test-method status="FAIL" signature="L1_storelist_dropdown()[pri:0, instance:com.fishbowl.gama.LiveTestCall@1810399e]" name="L1_storelist_dropdown" duration-ms="4891" started-at="2017-05-23T17:03:08Z" finished-at="2017-05-23T17:03:13Z">
          <exception class="java.lang.AssertionError">
            <message>
              <![CDATA[expected [true] but found [false]]]>
            </message>
            <full-stacktrace>
              <![CDATA[java.lang.AssertionError: expected [true] but found [false]
	at org.testng.Assert.fail(Assert.java:94)
	at org.testng.Assert.failNotEquals(Assert.java:496)
	at org.testng.Assert.assertEquals(Assert.java:125)
	at org.testng.Assert.assertEquals(Assert.java:288)
	at org.testng.Assert.assertEquals(Assert.java:298)
	at com.fishbowl.gama.LiveTestCall.L1_storelist_dropdown(LiveTestCall.java:44)
	at sun.reflect.NativeMethodAccessorImpl.invoke0(Native Method)
	at sun.reflect.NativeMethodAccessorImpl.invoke(Unknown Source)
	at sun.reflect.DelegatingMethodAccessorImpl.invoke(Unknown Source)
	at java.lang.reflect.Method.invoke(Unknown Source)
	at org.testng.internal.MethodInvocationHelper.invokeMethod(MethodInvocationHelper.java:85)
	at org.testng.internal.Invoker.invokeMethod(Invoker.java:659)
	at org.testng.internal.Invoker.invokeTestMethod(Invoker.java:845)
	at org.testng.internal.Invoker.invokeTestMethods(Invoker.java:1153)
	at org.testng.internal.TestMethodWorker.invokeTestMethods(TestMethodWorker.java:125)
	at org.testng.internal.TestMethodWorker.run(TestMethodWorker.java:108)
	at org.testng.TestRunner.privateRun(TestRunner.java:771)
	at org.testng.TestRunner.run(TestRunner.java:621)
	at org.testng.SuiteRunner.runTest(SuiteRunner.java:357)
	at org.testng.SuiteRunner.runSequentially(SuiteRunner.java:352)
	at org.testng.SuiteRunner.privateRun(SuiteRunner.java:310)
	at org.testng.SuiteRunner.run(SuiteRunner.java:259)
	at org.testng.SuiteRunnerWorker.runSuite(SuiteRunnerWorker.java:52)
	at org.testng.SuiteRunnerWorker.run(SuiteRunnerWorker.java:86)
	at org.testng.TestNG.runSuitesSequentially(TestNG.java:1199)
	at org.testng.TestNG.runSuitesLocally(TestNG.java:1124)
	at org.testng.TestNG.run(TestNG.java:1032)
	at org.testng.remote.AbstractRemoteTestNG.run(AbstractRemoteTestNG.java:132)
	at org.testng.remote.RemoteTestNG.initAndRun(RemoteTestNG.java:230)
	at org.testng.remote.RemoteTestNG.main(RemoteTestNG.java:76)
]]>
            </full-stacktrace>
          </exception> <!-- java.lang.AssertionError -->
          <reporter-output>
          </reporter-output>
        </test-method> <!-- L1_storelist_dropdown -->
        <test-method status="PASS" signature="tearDown(org.testng.ITestResult)[pri:0, instance:com.fishbowl.gama.LiveTestCall@1810399e]" name="tearDown" is-config="true" duration-ms="55" started-at="2017-05-23T17:03:13Z" finished-at="2017-05-23T17:03:13Z">
          <params>
            <param index="0">
              <value>
                <![CDATA[[TestResult name=L1_storelist_dropdown status=FAILURE method=LiveTestCall.L1_storelist_dropdown()[pri:0, instance:com.fishbowl.gama.LiveTestCall@1810399e] output={null}]]]>
              </value>
            </param>
          </params>
          <reporter-output>
          </reporter-output>
        </test-method> <!-- tearDown -->
        <test-method status="PASS" signature="L1_buttonQuaterApply()[pri:0, instance:com.fishbowl.gama.LiveTestCall@1810399e]" name="L1_buttonQuaterApply" duration-ms="43962" started-at="2017-05-23T17:03:13Z" finished-at="2017-05-23T17:03:57Z">
          <reporter-output>
          </reporter-output>
        </test-method> <!-- L1_buttonQuaterApply -->
        <test-method status="PASS" signature="tearDown(org.testng.ITestResult)[pri:0, instance:com.fishbowl.gama.LiveTestCall@1810399e]" name="tearDown" is-config="true" duration-ms="34" started-at="2017-05-23T17:03:57Z" finished-at="2017-05-23T17:03:57Z">
          <params>
            <param index="0">
              <value>
                <![CDATA[[TestResult name=L1_buttonQuaterApply status=SUCCESS method=LiveTestCall.L1_buttonQuaterApply()[pri:0, instance:com.fishbowl.gama.LiveTestCall@1810399e] output={null}]]]>
              </value>
            </param>
          </params>
          <reporter-output>
          </reporter-output>
        </test-method> <!-- tearDown -->
        <test-method status="PASS" signature="L1_buttonPeriodApply()[pri:0, instance:com.fishbowl.gama.LiveTestCall@1810399e]" name="L1_buttonPeriodApply" duration-ms="43779" started-at="2017-05-23T17:03:57Z" finished-at="2017-05-23T17:04:41Z">
          <reporter-output>
          </reporter-output>
        </test-method> <!-- L1_buttonPeriodApply -->
        <test-method status="PASS" signature="tearDown(org.testng.ITestResult)[pri:0, instance:com.fishbowl.gama.LiveTestCall@1810399e]" name="tearDown" is-config="true" duration-ms="46" started-at="2017-05-23T17:04:41Z" finished-at="2017-05-23T17:04:41Z">
          <params>
            <param index="0">
              <value>
                <![CDATA[[TestResult name=L1_buttonPeriodApply status=SUCCESS method=LiveTestCall.L1_buttonPeriodApply()[pri:0, instance:com.fishbowl.gama.LiveTestCall@1810399e] output={null}]]]>
              </value>
            </param>
          </params>
          <reporter-output>
          </reporter-output>
        </test-method> <!-- tearDown -->
        <test-method status="PASS" signature="L1_buttonYearApply()[pri:0, instance:com.fishbowl.gama.LiveTestCall@1810399e]" name="L1_buttonYearApply" duration-ms="2313" started-at="2017-05-23T17:04:41Z" finished-at="2017-05-23T17:04:43Z">
          <reporter-output>
          </reporter-output>
        </test-method> <!-- L1_buttonYearApply -->
        <test-method status="PASS" signature="tearDown(org.testng.ITestResult)[pri:0, instance:com.fishbowl.gama.LiveTestCall@1810399e]" name="tearDown" is-config="true" duration-ms="38" started-at="2017-05-23T17:04:43Z" finished-at="2017-05-23T17:04:43Z">
          <params>
            <param index="0">
              <value>
                <![CDATA[[TestResult name=L1_buttonYearApply status=SUCCESS method=LiveTestCall.L1_buttonYearApply()[pri:0, instance:com.fishbowl.gama.LiveTestCall@1810399e] output={null}]]]>
              </value>
            </param>
          </params>
          <reporter-output>
          </reporter-output>
        </test-method> <!-- tearDown -->
        <test-method status="PASS" signature="checkboxClick()[pri:0, instance:com.fishbowl.gama.LiveTestCall@1810399e]" name="checkboxClick" duration-ms="8394" started-at="2017-05-23T17:04:43Z" finished-at="2017-05-23T17:04:52Z">
          <reporter-output>
          </reporter-output>
        </test-method> <!-- checkboxClick -->
        <test-method status="PASS" signature="tearDown(org.testng.ITestResult)[pri:0, instance:com.fishbowl.gama.LiveTestCall@1810399e]" name="tearDown" is-config="true" duration-ms="32" started-at="2017-05-23T17:04:52Z" finished-at="2017-05-23T17:04:52Z">
          <params>
            <param index="0">
              <value>
                <![CDATA[[TestResult name=checkboxClick status=SUCCESS method=LiveTestCall.checkboxClick()[pri:0, instance:com.fishbowl.gama.LiveTestCall@1810399e] output={null}]]]>
              </value>
            </param>
          </params>
          <reporter-output>
          </reporter-output>
        </test-method> <!-- tearDown -->
        <test-method status="PASS" signature="L1_dateStartend()[pri:0, instance:com.fishbowl.gama.LiveTestCall@1810399e]" name="L1_dateStartend" duration-ms="50" started-at="2017-05-23T17:04:52Z" finished-at="2017-05-23T17:04:52Z">
          <reporter-output>
          </reporter-output>
        </test-method> <!-- L1_dateStartend -->
        <test-method status="PASS" signature="tearDown(org.testng.ITestResult)[pri:0, instance:com.fishbowl.gama.LiveTestCall@1810399e]" name="tearDown" is-config="true" duration-ms="35" started-at="2017-05-23T17:04:52Z" finished-at="2017-05-23T17:04:52Z">
          <params>
            <param index="0">
              <value>
                <![CDATA[[TestResult name=L1_dateStartend status=SUCCESS method=LiveTestCall.L1_dateStartend()[pri:0, instance:com.fishbowl.gama.LiveTestCall@1810399e] output={null}]]]>
              </value>
            </param>
          </params>
          <reporter-output>
          </reporter-output>
        </test-method> <!-- tearDown -->
        <test-method status="PASS" signature="L2_netSalesNavigator()[pri:0, instance:com.fishbowl.gama.LiveTestCall@1810399e]" name="L2_netSalesNavigator" duration-ms="15196" started-at="2017-05-23T17:04:52Z" finished-at="2017-05-23T17:05:07Z">
          <reporter-output>
          </reporter-output>
        </test-method> <!-- L2_netSalesNavigator -->
        <test-method status="PASS" signature="tearDown(org.testng.ITestResult)[pri:0, instance:com.fishbowl.gama.LiveTestCall@1810399e]" name="tearDown" is-config="true" duration-ms="49" started-at="2017-05-23T17:05:07Z" finished-at="2017-05-23T17:05:07Z">
          <params>
            <param index="0">
              <value>
                <![CDATA[[TestResult name=L2_netSalesNavigator status=SUCCESS method=LiveTestCall.L2_netSalesNavigator()[pri:0, instance:com.fishbowl.gama.LiveTestCall@1810399e] output={null}]]]>
              </value>
            </param>
          </params>
          <reporter-output>
          </reporter-output>
        </test-method> <!-- tearDown -->
        <test-method status="PASS" signature="netSalesQuarterDropdown()[pri:0, instance:com.fishbowl.gama.LiveTestCall@1810399e]" name="netSalesQuarterDropdown" duration-ms="10892" started-at="2017-05-23T17:05:07Z" finished-at="2017-05-23T17:05:18Z">
          <reporter-output>
          </reporter-output>
        </test-method> <!-- netSalesQuarterDropdown -->
        <test-method status="PASS" signature="tearDown(org.testng.ITestResult)[pri:0, instance:com.fishbowl.gama.LiveTestCall@1810399e]" name="tearDown" is-config="true" duration-ms="33" started-at="2017-05-23T17:05:18Z" finished-at="2017-05-23T17:05:18Z">
          <params>
            <param index="0">
              <value>
                <![CDATA[[TestResult name=netSalesQuarterDropdown status=SUCCESS method=LiveTestCall.netSalesQuarterDropdown()[pri:0, instance:com.fishbowl.gama.LiveTestCall@1810399e] output={null}]]]>
              </value>
            </param>
          </params>
          <reporter-output>
          </reporter-output>
        </test-method> <!-- tearDown -->
        <test-method status="PASS" signature="netSalesPeriodDropdown()[pri:0, instance:com.fishbowl.gama.LiveTestCall@1810399e]" name="netSalesPeriodDropdown" duration-ms="11364" started-at="2017-05-23T17:05:18Z" finished-at="2017-05-23T17:05:29Z">
          <reporter-output>
          </reporter-output>
        </test-method> <!-- netSalesPeriodDropdown -->
        <test-method status="PASS" signature="tearDown(org.testng.ITestResult)[pri:0, instance:com.fishbowl.gama.LiveTestCall@1810399e]" name="tearDown" is-config="true" duration-ms="33" started-at="2017-05-23T17:05:29Z" finished-at="2017-05-23T17:05:29Z">
          <params>
            <param index="0">
              <value>
                <![CDATA[[TestResult name=netSalesPeriodDropdown status=SUCCESS method=LiveTestCall.netSalesPeriodDropdown()[pri:0, instance:com.fishbowl.gama.LiveTestCall@1810399e] output={null}]]]>
              </value>
            </param>
          </params>
          <reporter-output>
          </reporter-output>
        </test-method> <!-- tearDown -->
        <test-method status="PASS" signature="netSalesFilterDataCheck()[pri:0, instance:com.fishbowl.gama.LiveTestCall@1810399e]" name="netSalesFilterDataCheck" duration-ms="10099" started-at="2017-05-23T17:05:29Z" finished-at="2017-05-23T17:05:39Z">
          <reporter-output>
          </reporter-output>
        </test-method> <!-- netSalesFilterDataCheck -->
        <test-method status="PASS" signature="tearDown(org.testng.ITestResult)[pri:0, instance:com.fishbowl.gama.LiveTestCall@1810399e]" name="tearDown" is-config="true" duration-ms="50" started-at="2017-05-23T17:05:39Z" finished-at="2017-05-23T17:05:39Z">
          <params>
            <param index="0">
              <value>
                <![CDATA[[TestResult name=netSalesFilterDataCheck status=SUCCESS method=LiveTestCall.netSalesFilterDataCheck()[pri:0, instance:com.fishbowl.gama.LiveTestCall@1810399e] output={null}]]]>
              </value>
            </param>
          </params>
          <reporter-output>
          </reporter-output>
        </test-method> <!-- tearDown -->
        <test-method status="PASS" signature="netsalesOverTime()[pri:0, instance:com.fishbowl.gama.LiveTestCall@1810399e]" name="netsalesOverTime" duration-ms="24963" started-at="2017-05-23T17:05:39Z" finished-at="2017-05-23T17:06:04Z">
          <reporter-output>
          </reporter-output>
        </test-method> <!-- netsalesOverTime -->
        <test-method status="PASS" signature="tearDown(org.testng.ITestResult)[pri:0, instance:com.fishbowl.gama.LiveTestCall@1810399e]" name="tearDown" is-config="true" duration-ms="49" started-at="2017-05-23T17:06:04Z" finished-at="2017-05-23T17:06:04Z">
          <params>
            <param index="0">
              <value>
                <![CDATA[[TestResult name=netsalesOverTime status=SUCCESS method=LiveTestCall.netsalesOverTime()[pri:0, instance:com.fishbowl.gama.LiveTestCall@1810399e] output={null}]]]>
              </value>
            </param>
          </params>
          <reporter-output>
          </reporter-output>
        </test-method> <!-- tearDown -->
        <test-method status="PASS" signature="nsOTFilerCheck()[pri:0, instance:com.fishbowl.gama.LiveTestCall@1810399e]" name="nsOTFilerCheck" duration-ms="18565" started-at="2017-05-23T17:06:04Z" finished-at="2017-05-23T17:06:23Z">
          <reporter-output>
          </reporter-output>
        </test-method> <!-- nsOTFilerCheck -->
        <test-method status="PASS" signature="tearDown(org.testng.ITestResult)[pri:0, instance:com.fishbowl.gama.LiveTestCall@1810399e]" name="tearDown" is-config="true" duration-ms="50" started-at="2017-05-23T17:06:23Z" finished-at="2017-05-23T17:06:23Z">
          <params>
            <param index="0">
              <value>
                <![CDATA[[TestResult name=nsOTFilerCheck status=SUCCESS method=LiveTestCall.nsOTFilerCheck()[pri:0, instance:com.fishbowl.gama.LiveTestCall@1810399e] output={null}]]]>
              </value>
            </param>
          </params>
          <reporter-output>
          </reporter-output>
        </test-method> <!-- tearDown -->
        <test-method status="PASS" signature="nsOTBack()[pri:0, instance:com.fishbowl.gama.LiveTestCall@1810399e]" name="nsOTBack" duration-ms="8382" started-at="2017-05-23T17:06:23Z" finished-at="2017-05-23T17:06:31Z">
          <reporter-output>
          </reporter-output>
        </test-method> <!-- nsOTBack -->
        <test-method status="PASS" signature="tearDown(org.testng.ITestResult)[pri:0, instance:com.fishbowl.gama.LiveTestCall@1810399e]" name="tearDown" is-config="true" duration-ms="35" started-at="2017-05-23T17:06:31Z" finished-at="2017-05-23T17:06:31Z">
          <params>
            <param index="0">
              <value>
                <![CDATA[[TestResult name=nsOTBack status=SUCCESS method=LiveTestCall.nsOTBack()[pri:0, instance:com.fishbowl.gama.LiveTestCall@1810399e] output={null}]]]>
              </value>
            </param>
          </params>
          <reporter-output>
          </reporter-output>
        </test-method> <!-- tearDown -->
        <test-method status="PASS" signature="netsalesDayPart()[pri:0, instance:com.fishbowl.gama.LiveTestCall@1810399e]" name="netsalesDayPart" duration-ms="24666" started-at="2017-05-23T17:06:31Z" finished-at="2017-05-23T17:06:56Z">
          <reporter-output>
          </reporter-output>
        </test-method> <!-- netsalesDayPart -->
        <test-method status="PASS" signature="tearDown(org.testng.ITestResult)[pri:0, instance:com.fishbowl.gama.LiveTestCall@1810399e]" name="tearDown" is-config="true" duration-ms="49" started-at="2017-05-23T17:06:56Z" finished-at="2017-05-23T17:06:56Z">
          <params>
            <param index="0">
              <value>
                <![CDATA[[TestResult name=netsalesDayPart status=SUCCESS method=LiveTestCall.netsalesDayPart()[pri:0, instance:com.fishbowl.gama.LiveTestCall@1810399e] output={null}]]]>
              </value>
            </param>
          </params>
          <reporter-output>
          </reporter-output>
        </test-method> <!-- tearDown -->
        <test-method status="PASS" signature="nsDPFilerCheck()[pri:0, instance:com.fishbowl.gama.LiveTestCall@1810399e]" name="nsDPFilerCheck" duration-ms="18267" started-at="2017-05-23T17:06:56Z" finished-at="2017-05-23T17:07:14Z">
          <reporter-output>
          </reporter-output>
        </test-method> <!-- nsDPFilerCheck -->
        <test-method status="PASS" signature="tearDown(org.testng.ITestResult)[pri:0, instance:com.fishbowl.gama.LiveTestCall@1810399e]" name="tearDown" is-config="true" duration-ms="38" started-at="2017-05-23T17:07:14Z" finished-at="2017-05-23T17:07:14Z">
          <params>
            <param index="0">
              <value>
                <![CDATA[[TestResult name=nsDPFilerCheck status=SUCCESS method=LiveTestCall.nsDPFilerCheck()[pri:0, instance:com.fishbowl.gama.LiveTestCall@1810399e] output={null}]]]>
              </value>
            </param>
          </params>
          <reporter-output>
          </reporter-output>
        </test-method> <!-- tearDown -->
        <test-method status="PASS" signature="nsDPBack()[pri:0, instance:com.fishbowl.gama.LiveTestCall@1810399e]" name="nsDPBack" duration-ms="8321" started-at="2017-05-23T17:07:14Z" finished-at="2017-05-23T17:07:23Z">
          <reporter-output>
          </reporter-output>
        </test-method> <!-- nsDPBack -->
        <test-method status="PASS" signature="tearDown(org.testng.ITestResult)[pri:0, instance:com.fishbowl.gama.LiveTestCall@1810399e]" name="tearDown" is-config="true" duration-ms="34" started-at="2017-05-23T17:07:23Z" finished-at="2017-05-23T17:07:23Z">
          <params>
            <param index="0">
              <value>
                <![CDATA[[TestResult name=nsDPBack status=SUCCESS method=LiveTestCall.nsDPBack()[pri:0, instance:com.fishbowl.gama.LiveTestCall@1810399e] output={null}]]]>
              </value>
            </param>
          </params>
          <reporter-output>
          </reporter-output>
        </test-method> <!-- tearDown -->
        <test-method status="PASS" signature="netsalesOrderMode()[pri:0, instance:com.fishbowl.gama.LiveTestCall@1810399e]" name="netsalesOrderMode" duration-ms="24640" started-at="2017-05-23T17:07:23Z" finished-at="2017-05-23T17:07:47Z">
          <reporter-output>
          </reporter-output>
        </test-method> <!-- netsalesOrderMode -->
        <test-method status="PASS" signature="tearDown(org.testng.ITestResult)[pri:0, instance:com.fishbowl.gama.LiveTestCall@1810399e]" name="tearDown" is-config="true" duration-ms="33" started-at="2017-05-23T17:07:47Z" finished-at="2017-05-23T17:07:47Z">
          <params>
            <param index="0">
              <value>
                <![CDATA[[TestResult name=netsalesOrderMode status=SUCCESS method=LiveTestCall.netsalesOrderMode()[pri:0, instance:com.fishbowl.gama.LiveTestCall@1810399e] output={null}]]]>
              </value>
            </param>
          </params>
          <reporter-output>
          </reporter-output>
        </test-method> <!-- tearDown -->
        <test-method status="PASS" signature="nsOMFilerCheck()[pri:0, instance:com.fishbowl.gama.LiveTestCall@1810399e]" name="nsOMFilerCheck" duration-ms="18602" started-at="2017-05-23T17:07:47Z" finished-at="2017-05-23T17:08:06Z">
          <reporter-output>
          </reporter-output>
        </test-method> <!-- nsOMFilerCheck -->
        <test-method status="PASS" signature="tearDown(org.testng.ITestResult)[pri:0, instance:com.fishbowl.gama.LiveTestCall@1810399e]" name="tearDown" is-config="true" duration-ms="56" started-at="2017-05-23T17:08:06Z" finished-at="2017-05-23T17:08:06Z">
          <params>
            <param index="0">
              <value>
                <![CDATA[[TestResult name=nsOMFilerCheck status=SUCCESS method=LiveTestCall.nsOMFilerCheck()[pri:0, instance:com.fishbowl.gama.LiveTestCall@1810399e] output={null}]]]>
              </value>
            </param>
          </params>
          <reporter-output>
          </reporter-output>
        </test-method> <!-- tearDown -->
        <test-method status="PASS" signature="nsOMBack()[pri:0, instance:com.fishbowl.gama.LiveTestCall@1810399e]" name="nsOMBack" duration-ms="8395" started-at="2017-05-23T17:08:06Z" finished-at="2017-05-23T17:08:15Z">
          <reporter-output>
          </reporter-output>
        </test-method> <!-- nsOMBack -->
        <test-method status="PASS" signature="tearDown(org.testng.ITestResult)[pri:0, instance:com.fishbowl.gama.LiveTestCall@1810399e]" name="tearDown" is-config="true" duration-ms="51" started-at="2017-05-23T17:08:15Z" finished-at="2017-05-23T17:08:15Z">
          <params>
            <param index="0">
              <value>
                <![CDATA[[TestResult name=nsOMBack status=SUCCESS method=LiveTestCall.nsOMBack()[pri:0, instance:com.fishbowl.gama.LiveTestCall@1810399e] output={null}]]]>
              </value>
            </param>
          </params>
          <reporter-output>
          </reporter-output>
        </test-method> <!-- tearDown -->
        <test-method status="PASS" signature="netsalesDayOfWeek()[pri:0, instance:com.fishbowl.gama.LiveTestCall@1810399e]" name="netsalesDayOfWeek" duration-ms="24662" started-at="2017-05-23T17:08:15Z" finished-at="2017-05-23T17:08:39Z">
          <reporter-output>
          </reporter-output>
        </test-method> <!-- netsalesDayOfWeek -->
        <test-method status="PASS" signature="tearDown(org.testng.ITestResult)[pri:0, instance:com.fishbowl.gama.LiveTestCall@1810399e]" name="tearDown" is-config="true" duration-ms="40" started-at="2017-05-23T17:08:39Z" finished-at="2017-05-23T17:08:39Z">
          <params>
            <param index="0">
              <value>
                <![CDATA[[TestResult name=netsalesDayOfWeek status=SUCCESS method=LiveTestCall.netsalesDayOfWeek()[pri:0, instance:com.fishbowl.gama.LiveTestCall@1810399e] output={null}]]]>
              </value>
            </param>
          </params>
          <reporter-output>
          </reporter-output>
        </test-method> <!-- tearDown -->
        <test-method status="PASS" signature="nsDWFilerCheck()[pri:0, instance:com.fishbowl.gama.LiveTestCall@1810399e]" name="nsDWFilerCheck" duration-ms="19134" started-at="2017-05-23T17:08:39Z" finished-at="2017-05-23T17:08:58Z">
          <reporter-output>
          </reporter-output>
        </test-method> <!-- nsDWFilerCheck -->
        <test-method status="PASS" signature="tearDown(org.testng.ITestResult)[pri:0, instance:com.fishbowl.gama.LiveTestCall@1810399e]" name="tearDown" is-config="true" duration-ms="51" started-at="2017-05-23T17:08:58Z" finished-at="2017-05-23T17:08:58Z">
          <params>
            <param index="0">
              <value>
                <![CDATA[[TestResult name=nsDWFilerCheck status=SUCCESS method=LiveTestCall.nsDWFilerCheck()[pri:0, instance:com.fishbowl.gama.LiveTestCall@1810399e] output={null}]]]>
              </value>
            </param>
          </params>
          <reporter-output>
          </reporter-output>
        </test-method> <!-- tearDown -->
        <test-method status="PASS" signature="nsDWBack()[pri:0, instance:com.fishbowl.gama.LiveTestCall@1810399e]" name="nsDWBack" duration-ms="8321" started-at="2017-05-23T17:08:58Z" finished-at="2017-05-23T17:09:07Z">
          <reporter-output>
          </reporter-output>
        </test-method> <!-- nsDWBack -->
        <test-method status="PASS" signature="tearDown(org.testng.ITestResult)[pri:0, instance:com.fishbowl.gama.LiveTestCall@1810399e]" name="tearDown" is-config="true" duration-ms="54" started-at="2017-05-23T17:09:07Z" finished-at="2017-05-23T17:09:07Z">
          <params>
            <param index="0">
              <value>
                <![CDATA[[TestResult name=nsDWBack status=SUCCESS method=LiveTestCall.nsDWBack()[pri:0, instance:com.fishbowl.gama.LiveTestCall@1810399e] output={null}]]]>
              </value>
            </param>
          </params>
          <reporter-output>
          </reporter-output>
        </test-method> <!-- tearDown -->
        <test-method status="PASS" signature="netsalesBack()[pri:0, instance:com.fishbowl.gama.LiveTestCall@1810399e]" name="netsalesBack" duration-ms="13144" started-at="2017-05-23T17:09:07Z" finished-at="2017-05-23T17:09:20Z">
          <reporter-output>
          </reporter-output>
        </test-method> <!-- netsalesBack -->
        <test-method status="PASS" signature="tearDown(org.testng.ITestResult)[pri:0, instance:com.fishbowl.gama.LiveTestCall@1810399e]" name="tearDown" is-config="true" duration-ms="27" started-at="2017-05-23T17:09:20Z" finished-at="2017-05-23T17:09:20Z">
          <params>
            <param index="0">
              <value>
                <![CDATA[[TestResult name=netsalesBack status=SUCCESS method=LiveTestCall.netsalesBack()[pri:0, instance:com.fishbowl.gama.LiveTestCall@1810399e] output={null}]]]>
              </value>
            </param>
          </params>
          <reporter-output>
          </reporter-output>
        </test-method> <!-- tearDown -->
        <test-method status="PASS" signature="L2_checkAverageNavigator()[pri:0, instance:com.fishbowl.gama.LiveTestCall@1810399e]" name="L2_checkAverageNavigator" duration-ms="18550" started-at="2017-05-23T17:09:20Z" finished-at="2017-05-23T17:09:39Z">
          <reporter-output>
          </reporter-output>
        </test-method> <!-- L2_checkAverageNavigator -->
        <test-method status="PASS" signature="tearDown(org.testng.ITestResult)[pri:0, instance:com.fishbowl.gama.LiveTestCall@1810399e]" name="tearDown" is-config="true" duration-ms="34" started-at="2017-05-23T17:09:39Z" finished-at="2017-05-23T17:09:39Z">
          <params>
            <param index="0">
              <value>
                <![CDATA[[TestResult name=L2_checkAverageNavigator status=SUCCESS method=LiveTestCall.L2_checkAverageNavigator()[pri:0, instance:com.fishbowl.gama.LiveTestCall@1810399e] output={null}]]]>
              </value>
            </param>
          </params>
          <reporter-output>
          </reporter-output>
        </test-method> <!-- tearDown -->
        <test-method status="PASS" signature="checkAverageQuarterDropdown()[pri:0, instance:com.fishbowl.gama.LiveTestCall@1810399e]" name="checkAverageQuarterDropdown" duration-ms="13209" started-at="2017-05-23T17:09:39Z" finished-at="2017-05-23T17:09:52Z">
          <reporter-output>
          </reporter-output>
        </test-method> <!-- checkAverageQuarterDropdown -->
        <test-method status="PASS" signature="tearDown(org.testng.ITestResult)[pri:0, instance:com.fishbowl.gama.LiveTestCall@1810399e]" name="tearDown" is-config="true" duration-ms="47" started-at="2017-05-23T17:09:52Z" finished-at="2017-05-23T17:09:52Z">
          <params>
            <param index="0">
              <value>
                <![CDATA[[TestResult name=checkAverageQuarterDropdown status=SUCCESS method=LiveTestCall.checkAverageQuarterDropdown()[pri:0, instance:com.fishbowl.gama.LiveTestCall@1810399e] output={null}]]]>
              </value>
            </param>
          </params>
          <reporter-output>
          </reporter-output>
        </test-method> <!-- tearDown -->
        <test-method status="PASS" signature="checkAveragePeriodDropdown()[pri:0, instance:com.fishbowl.gama.LiveTestCall@1810399e]" name="checkAveragePeriodDropdown" duration-ms="13500" started-at="2017-05-23T17:09:52Z" finished-at="2017-05-23T17:10:05Z">
          <reporter-output>
          </reporter-output>
        </test-method> <!-- checkAveragePeriodDropdown -->
        <test-method status="PASS" signature="tearDown(org.testng.ITestResult)[pri:0, instance:com.fishbowl.gama.LiveTestCall@1810399e]" name="tearDown" is-config="true" duration-ms="137" started-at="2017-05-23T17:10:05Z" finished-at="2017-05-23T17:10:05Z">
          <params>
            <param index="0">
              <value>
                <![CDATA[[TestResult name=checkAveragePeriodDropdown status=SUCCESS method=LiveTestCall.checkAveragePeriodDropdown()[pri:0, instance:com.fishbowl.gama.LiveTestCall@1810399e] output={null}]]]>
              </value>
            </param>
          </params>
          <reporter-output>
          </reporter-output>
        </test-method> <!-- tearDown -->
        <test-method status="PASS" signature="checkAverageFilterDataCheck()[pri:0, instance:com.fishbowl.gama.LiveTestCall@1810399e]" name="checkAverageFilterDataCheck" duration-ms="10636" started-at="2017-05-23T17:10:05Z" finished-at="2017-05-23T17:10:16Z">
          <reporter-output>
          </reporter-output>
        </test-method> <!-- checkAverageFilterDataCheck -->
        <test-method status="PASS" signature="tearDown(org.testng.ITestResult)[pri:0, instance:com.fishbowl.gama.LiveTestCall@1810399e]" name="tearDown" is-config="true" duration-ms="35" started-at="2017-05-23T17:10:16Z" finished-at="2017-05-23T17:10:16Z">
          <params>
            <param index="0">
              <value>
                <![CDATA[[TestResult name=checkAverageFilterDataCheck status=SUCCESS method=LiveTestCall.checkAverageFilterDataCheck()[pri:0, instance:com.fishbowl.gama.LiveTestCall@1810399e] output={null}]]]>
              </value>
            </param>
          </params>
          <reporter-output>
          </reporter-output>
        </test-method> <!-- tearDown -->
        <test-method status="PASS" signature="checkAverageOverTime()[pri:0, instance:com.fishbowl.gama.LiveTestCall@1810399e]" name="checkAverageOverTime" duration-ms="24932" started-at="2017-05-23T17:10:16Z" finished-at="2017-05-23T17:10:41Z">
          <reporter-output>
          </reporter-output>
        </test-method> <!-- checkAverageOverTime -->
        <test-method status="PASS" signature="tearDown(org.testng.ITestResult)[pri:0, instance:com.fishbowl.gama.LiveTestCall@1810399e]" name="tearDown" is-config="true" duration-ms="39" started-at="2017-05-23T17:10:41Z" finished-at="2017-05-23T17:10:41Z">
          <params>
            <param index="0">
              <value>
                <![CDATA[[TestResult name=checkAverageOverTime status=SUCCESS method=LiveTestCall.checkAverageOverTime()[pri:0, instance:com.fishbowl.gama.LiveTestCall@1810399e] output={null}]]]>
              </value>
            </param>
          </params>
          <reporter-output>
          </reporter-output>
        </test-method> <!-- tearDown -->
        <test-method status="PASS" signature="caOTFilerCheck()[pri:0, instance:com.fishbowl.gama.LiveTestCall@1810399e]" name="caOTFilerCheck" duration-ms="17938" started-at="2017-05-23T17:10:41Z" finished-at="2017-05-23T17:10:59Z">
          <reporter-output>
          </reporter-output>
        </test-method> <!-- caOTFilerCheck -->
        <test-method status="PASS" signature="tearDown(org.testng.ITestResult)[pri:0, instance:com.fishbowl.gama.LiveTestCall@1810399e]" name="tearDown" is-config="true" duration-ms="110" started-at="2017-05-23T17:10:59Z" finished-at="2017-05-23T17:10:59Z">
          <params>
            <param index="0">
              <value>
                <![CDATA[[TestResult name=caOTFilerCheck status=SUCCESS method=LiveTestCall.caOTFilerCheck()[pri:0, instance:com.fishbowl.gama.LiveTestCall@1810399e] output={null}]]]>
              </value>
            </param>
          </params>
          <reporter-output>
          </reporter-output>
        </test-method> <!-- tearDown -->
        <test-method status="PASS" signature="caOTBack()[pri:0, instance:com.fishbowl.gama.LiveTestCall@1810399e]" name="caOTBack" duration-ms="8292" started-at="2017-05-23T17:10:59Z" finished-at="2017-05-23T17:11:07Z">
          <reporter-output>
          </reporter-output>
        </test-method> <!-- caOTBack -->
        <test-method status="PASS" signature="tearDown(org.testng.ITestResult)[pri:0, instance:com.fishbowl.gama.LiveTestCall@1810399e]" name="tearDown" is-config="true" duration-ms="32" started-at="2017-05-23T17:11:07Z" finished-at="2017-05-23T17:11:08Z">
          <params>
            <param index="0">
              <value>
                <![CDATA[[TestResult name=caOTBack status=SUCCESS method=LiveTestCall.caOTBack()[pri:0, instance:com.fishbowl.gama.LiveTestCall@1810399e] output={null}]]]>
              </value>
            </param>
          </params>
          <reporter-output>
          </reporter-output>
        </test-method> <!-- tearDown -->
        <test-method status="PASS" signature="checkAverageTopStores()[pri:0, instance:com.fishbowl.gama.LiveTestCall@1810399e]" name="checkAverageTopStores" duration-ms="24679" started-at="2017-05-23T17:11:08Z" finished-at="2017-05-23T17:11:32Z">
          <reporter-output>
          </reporter-output>
        </test-method> <!-- checkAverageTopStores -->
        <test-method status="PASS" signature="tearDown(org.testng.ITestResult)[pri:0, instance:com.fishbowl.gama.LiveTestCall@1810399e]" name="tearDown" is-config="true" duration-ms="31" started-at="2017-05-23T17:11:32Z" finished-at="2017-05-23T17:11:32Z">
          <params>
            <param index="0">
              <value>
                <![CDATA[[TestResult name=checkAverageTopStores status=SUCCESS method=LiveTestCall.checkAverageTopStores()[pri:0, instance:com.fishbowl.gama.LiveTestCall@1810399e] output={null}]]]>
              </value>
            </param>
          </params>
          <reporter-output>
          </reporter-output>
        </test-method> <!-- tearDown -->
        <test-method status="PASS" signature="caTSFilerCheck()[pri:0, instance:com.fishbowl.gama.LiveTestCall@1810399e]" name="caTSFilerCheck" duration-ms="19146" started-at="2017-05-23T17:11:32Z" finished-at="2017-05-23T17:11:51Z">
          <reporter-output>
          </reporter-output>
        </test-method> <!-- caTSFilerCheck -->
        <test-method status="PASS" signature="tearDown(org.testng.ITestResult)[pri:0, instance:com.fishbowl.gama.LiveTestCall@1810399e]" name="tearDown" is-config="true" duration-ms="40" started-at="2017-05-23T17:11:51Z" finished-at="2017-05-23T17:11:51Z">
          <params>
            <param index="0">
              <value>
                <![CDATA[[TestResult name=caTSFilerCheck status=SUCCESS method=LiveTestCall.caTSFilerCheck()[pri:0, instance:com.fishbowl.gama.LiveTestCall@1810399e] output={null}]]]>
              </value>
            </param>
          </params>
          <reporter-output>
          </reporter-output>
        </test-method> <!-- tearDown -->
        <test-method status="PASS" signature="caTSBack()[pri:0, instance:com.fishbowl.gama.LiveTestCall@1810399e]" name="caTSBack" duration-ms="8317" started-at="2017-05-23T17:11:51Z" finished-at="2017-05-23T17:12:00Z">
          <reporter-output>
          </reporter-output>
        </test-method> <!-- caTSBack -->
        <test-method status="PASS" signature="tearDown(org.testng.ITestResult)[pri:0, instance:com.fishbowl.gama.LiveTestCall@1810399e]" name="tearDown" is-config="true" duration-ms="76" started-at="2017-05-23T17:12:00Z" finished-at="2017-05-23T17:12:00Z">
          <params>
            <param index="0">
              <value>
                <![CDATA[[TestResult name=caTSBack status=SUCCESS method=LiveTestCall.caTSBack()[pri:0, instance:com.fishbowl.gama.LiveTestCall@1810399e] output={null}]]]>
              </value>
            </param>
          </params>
          <reporter-output>
          </reporter-output>
        </test-method> <!-- tearDown -->
        <test-method status="PASS" signature="checkAverageMenuMix()[pri:0, instance:com.fishbowl.gama.LiveTestCall@1810399e]" name="checkAverageMenuMix" duration-ms="24765" started-at="2017-05-23T17:12:00Z" finished-at="2017-05-23T17:12:25Z">
          <reporter-output>
          </reporter-output>
        </test-method> <!-- checkAverageMenuMix -->
        <test-method status="PASS" signature="tearDown(org.testng.ITestResult)[pri:0, instance:com.fishbowl.gama.LiveTestCall@1810399e]" name="tearDown" is-config="true" duration-ms="42" started-at="2017-05-23T17:12:25Z" finished-at="2017-05-23T17:12:25Z">
          <params>
            <param index="0">
              <value>
                <![CDATA[[TestResult name=checkAverageMenuMix status=SUCCESS method=LiveTestCall.checkAverageMenuMix()[pri:0, instance:com.fishbowl.gama.LiveTestCall@1810399e] output={null}]]]>
              </value>
            </param>
          </params>
          <reporter-output>
          </reporter-output>
        </test-method> <!-- tearDown -->
        <test-method status="PASS" signature="caMMFilerCheck()[pri:0, instance:com.fishbowl.gama.LiveTestCall@1810399e]" name="caMMFilerCheck" duration-ms="17159" started-at="2017-05-23T17:12:25Z" finished-at="2017-05-23T17:12:42Z">
          <reporter-output>
          </reporter-output>
        </test-method> <!-- caMMFilerCheck -->
        <test-method status="PASS" signature="tearDown(org.testng.ITestResult)[pri:0, instance:com.fishbowl.gama.LiveTestCall@1810399e]" name="tearDown" is-config="true" duration-ms="32" started-at="2017-05-23T17:12:42Z" finished-at="2017-05-23T17:12:42Z">
          <params>
            <param index="0">
              <value>
                <![CDATA[[TestResult name=caMMFilerCheck status=SUCCESS method=LiveTestCall.caMMFilerCheck()[pri:0, instance:com.fishbowl.gama.LiveTestCall@1810399e] output={null}]]]>
              </value>
            </param>
          </params>
          <reporter-output>
          </reporter-output>
        </test-method> <!-- tearDown -->
        <test-method status="PASS" signature="caMMBack()[pri:0, instance:com.fishbowl.gama.LiveTestCall@1810399e]" name="caMMBack" duration-ms="8306" started-at="2017-05-23T17:12:42Z" finished-at="2017-05-23T17:12:50Z">
          <reporter-output>
          </reporter-output>
        </test-method> <!-- caMMBack -->
        <test-method status="PASS" signature="tearDown(org.testng.ITestResult)[pri:0, instance:com.fishbowl.gama.LiveTestCall@1810399e]" name="tearDown" is-config="true" duration-ms="27" started-at="2017-05-23T17:12:50Z" finished-at="2017-05-23T17:12:50Z">
          <params>
            <param index="0">
              <value>
                <![CDATA[[TestResult name=caMMBack status=SUCCESS method=LiveTestCall.caMMBack()[pri:0, instance:com.fishbowl.gama.LiveTestCall@1810399e] output={null}]]]>
              </value>
            </param>
          </params>
          <reporter-output>
          </reporter-output>
        </test-method> <!-- tearDown -->
        <test-method status="PASS" signature="checkAverageBack()[pri:0, instance:com.fishbowl.gama.LiveTestCall@1810399e]" name="checkAverageBack" duration-ms="2231" started-at="2017-05-23T17:12:50Z" finished-at="2017-05-23T17:12:52Z">
          <reporter-output>
          </reporter-output>
        </test-method> <!-- checkAverageBack -->
        <test-method status="PASS" signature="tearDown(org.testng.ITestResult)[pri:0, instance:com.fishbowl.gama.LiveTestCall@1810399e]" name="tearDown" is-config="true" duration-ms="27" started-at="2017-05-23T17:12:52Z" finished-at="2017-05-23T17:12:52Z">
          <params>
            <param index="0">
              <value>
                <![CDATA[[TestResult name=checkAverageBack status=SUCCESS method=LiveTestCall.checkAverageBack()[pri:0, instance:com.fishbowl.gama.LiveTestCall@1810399e] output={null}]]]>
              </value>
            </param>
          </params>
          <reporter-output>
          </reporter-output>
        </test-method> <!-- tearDown -->
        <test-method status="PASS" signature="L2_guestMixNavigator()[pri:0, instance:com.fishbowl.gama.LiveTestCall@1810399e]" name="L2_guestMixNavigator" duration-ms="26305" started-at="2017-05-23T17:12:52Z" finished-at="2017-05-23T17:13:19Z">
          <reporter-output>
          </reporter-output>
        </test-method> <!-- L2_guestMixNavigator -->
        <test-method status="PASS" signature="tearDown(org.testng.ITestResult)[pri:0, instance:com.fishbowl.gama.LiveTestCall@1810399e]" name="tearDown" is-config="true" duration-ms="47" started-at="2017-05-23T17:13:19Z" finished-at="2017-05-23T17:13:19Z">
          <params>
            <param index="0">
              <value>
                <![CDATA[[TestResult name=L2_guestMixNavigator status=SUCCESS method=LiveTestCall.L2_guestMixNavigator()[pri:0, instance:com.fishbowl.gama.LiveTestCall@1810399e] output={null}]]]>
              </value>
            </param>
          </params>
          <reporter-output>
          </reporter-output>
        </test-method> <!-- tearDown -->
        <test-method status="PASS" signature="guestMixQuarterDropdown()[pri:0, instance:com.fishbowl.gama.LiveTestCall@1810399e]" name="guestMixQuarterDropdown" duration-ms="21189" started-at="2017-05-23T17:13:19Z" finished-at="2017-05-23T17:13:40Z">
          <reporter-output>
          </reporter-output>
        </test-method> <!-- guestMixQuarterDropdown -->
        <test-method status="PASS" signature="tearDown(org.testng.ITestResult)[pri:0, instance:com.fishbowl.gama.LiveTestCall@1810399e]" name="tearDown" is-config="true" duration-ms="53" started-at="2017-05-23T17:13:40Z" finished-at="2017-05-23T17:13:40Z">
          <params>
            <param index="0">
              <value>
                <![CDATA[[TestResult name=guestMixQuarterDropdown status=SUCCESS method=LiveTestCall.guestMixQuarterDropdown()[pri:0, instance:com.fishbowl.gama.LiveTestCall@1810399e] output={null}]]]>
              </value>
            </param>
          </params>
          <reporter-output>
          </reporter-output>
        </test-method> <!-- tearDown -->
        <test-method status="PASS" signature="guestMixPeriodDropdown()[pri:0, instance:com.fishbowl.gama.LiveTestCall@1810399e]" name="guestMixPeriodDropdown" duration-ms="19111" started-at="2017-05-23T17:13:40Z" finished-at="2017-05-23T17:13:59Z">
          <reporter-output>
          </reporter-output>
        </test-method> <!-- guestMixPeriodDropdown -->
        <test-method status="PASS" signature="tearDown(org.testng.ITestResult)[pri:0, instance:com.fishbowl.gama.LiveTestCall@1810399e]" name="tearDown" is-config="true" duration-ms="52" started-at="2017-05-23T17:13:59Z" finished-at="2017-05-23T17:13:59Z">
          <params>
            <param index="0">
              <value>
                <![CDATA[[TestResult name=guestMixPeriodDropdown status=SUCCESS method=LiveTestCall.guestMixPeriodDropdown()[pri:0, instance:com.fishbowl.gama.LiveTestCall@1810399e] output={null}]]]>
              </value>
            </param>
          </params>
          <reporter-output>
          </reporter-output>
        </test-method> <!-- tearDown -->
        <test-method status="PASS" signature="guestMixFilterDataCheck()[pri:0, instance:com.fishbowl.gama.LiveTestCall@1810399e]" name="guestMixFilterDataCheck" duration-ms="6600" started-at="2017-05-23T17:13:59Z" finished-at="2017-05-23T17:14:06Z">
          <reporter-output>
          </reporter-output>
        </test-method> <!-- guestMixFilterDataCheck -->
        <test-method status="PASS" signature="tearDown(org.testng.ITestResult)[pri:0, instance:com.fishbowl.gama.LiveTestCall@1810399e]" name="tearDown" is-config="true" duration-ms="41" started-at="2017-05-23T17:14:06Z" finished-at="2017-05-23T17:14:06Z">
          <params>
            <param index="0">
              <value>
                <![CDATA[[TestResult name=guestMixFilterDataCheck status=SUCCESS method=LiveTestCall.guestMixFilterDataCheck()[pri:0, instance:com.fishbowl.gama.LiveTestCall@1810399e] output={null}]]]>
              </value>
            </param>
          </params>
          <reporter-output>
          </reporter-output>
        </test-method> <!-- tearDown -->
        <test-method status="PASS" signature="guestMixOverTime()[pri:0, instance:com.fishbowl.gama.LiveTestCall@1810399e]" name="guestMixOverTime" duration-ms="24726" started-at="2017-05-23T17:14:06Z" finished-at="2017-05-23T17:14:31Z">
          <reporter-output>
          </reporter-output>
        </test-method> <!-- guestMixOverTime -->
        <test-method status="PASS" signature="tearDown(org.testng.ITestResult)[pri:0, instance:com.fishbowl.gama.LiveTestCall@1810399e]" name="tearDown" is-config="true" duration-ms="38" started-at="2017-05-23T17:14:31Z" finished-at="2017-05-23T17:14:31Z">
          <params>
            <param index="0">
              <value>
                <![CDATA[[TestResult name=guestMixOverTime status=SUCCESS method=LiveTestCall.guestMixOverTime()[pri:0, instance:com.fishbowl.gama.LiveTestCall@1810399e] output={null}]]]>
              </value>
            </param>
          </params>
          <reporter-output>
          </reporter-output>
        </test-method> <!-- tearDown -->
        <test-method status="PASS" signature="gmOTFilerCheck()[pri:0, instance:com.fishbowl.gama.LiveTestCall@1810399e]" name="gmOTFilerCheck" duration-ms="17684" started-at="2017-05-23T17:14:31Z" finished-at="2017-05-23T17:14:48Z">
          <reporter-output>
          </reporter-output>
        </test-method> <!-- gmOTFilerCheck -->
        <test-method status="PASS" signature="tearDown(org.testng.ITestResult)[pri:0, instance:com.fishbowl.gama.LiveTestCall@1810399e]" name="tearDown" is-config="true" duration-ms="34" started-at="2017-05-23T17:14:48Z" finished-at="2017-05-23T17:14:48Z">
          <params>
            <param index="0">
              <value>
                <![CDATA[[TestResult name=gmOTFilerCheck status=SUCCESS method=LiveTestCall.gmOTFilerCheck()[pri:0, instance:com.fishbowl.gama.LiveTestCall@1810399e] output={null}]]]>
              </value>
            </param>
          </params>
          <reporter-output>
          </reporter-output>
        </test-method> <!-- tearDown -->
        <test-method status="PASS" signature="gmOTBack()[pri:0, instance:com.fishbowl.gama.LiveTestCall@1810399e]" name="gmOTBack" duration-ms="8333" started-at="2017-05-23T17:14:48Z" finished-at="2017-05-23T17:14:57Z">
          <reporter-output>
          </reporter-output>
        </test-method> <!-- gmOTBack -->
        <test-method status="PASS" signature="tearDown(org.testng.ITestResult)[pri:0, instance:com.fishbowl.gama.LiveTestCall@1810399e]" name="tearDown" is-config="true" duration-ms="43" started-at="2017-05-23T17:14:57Z" finished-at="2017-05-23T17:14:57Z">
          <params>
            <param index="0">
              <value>
                <![CDATA[[TestResult name=gmOTBack status=SUCCESS method=LiveTestCall.gmOTBack()[pri:0, instance:com.fishbowl.gama.LiveTestCall@1810399e] output={null}]]]>
              </value>
            </param>
          </params>
          <reporter-output>
          </reporter-output>
        </test-method> <!-- tearDown -->
        <test-method status="PASS" signature="guestMixDayPart()[pri:0, instance:com.fishbowl.gama.LiveTestCall@1810399e]" name="guestMixDayPart" duration-ms="24660" started-at="2017-05-23T17:14:57Z" finished-at="2017-05-23T17:15:21Z">
          <reporter-output>
          </reporter-output>
        </test-method> <!-- guestMixDayPart -->
        <test-method status="PASS" signature="tearDown(org.testng.ITestResult)[pri:0, instance:com.fishbowl.gama.LiveTestCall@1810399e]" name="tearDown" is-config="true" duration-ms="31" started-at="2017-05-23T17:15:21Z" finished-at="2017-05-23T17:15:21Z">
          <params>
            <param index="0">
              <value>
                <![CDATA[[TestResult name=guestMixDayPart status=SUCCESS method=LiveTestCall.guestMixDayPart()[pri:0, instance:com.fishbowl.gama.LiveTestCall@1810399e] output={null}]]]>
              </value>
            </param>
          </params>
          <reporter-output>
          </reporter-output>
        </test-method> <!-- tearDown -->
        <test-method status="PASS" signature="gmDPFilerCheck()[pri:0, instance:com.fishbowl.gama.LiveTestCall@1810399e]" name="gmDPFilerCheck" duration-ms="18115" started-at="2017-05-23T17:15:21Z" finished-at="2017-05-23T17:15:39Z">
          <reporter-output>
          </reporter-output>
        </test-method> <!-- gmDPFilerCheck -->
        <test-method status="PASS" signature="tearDown(org.testng.ITestResult)[pri:0, instance:com.fishbowl.gama.LiveTestCall@1810399e]" name="tearDown" is-config="true" duration-ms="34" started-at="2017-05-23T17:15:39Z" finished-at="2017-05-23T17:15:39Z">
          <params>
            <param index="0">
              <value>
                <![CDATA[[TestResult name=gmDPFilerCheck status=SUCCESS method=LiveTestCall.gmDPFilerCheck()[pri:0, instance:com.fishbowl.gama.LiveTestCall@1810399e] output={null}]]]>
              </value>
            </param>
          </params>
          <reporter-output>
          </reporter-output>
        </test-method> <!-- tearDown -->
        <test-method status="PASS" signature="gmDPBack()[pri:0, instance:com.fishbowl.gama.LiveTestCall@1810399e]" name="gmDPBack" duration-ms="8322" started-at="2017-05-23T17:15:39Z" finished-at="2017-05-23T17:15:48Z">
          <reporter-output>
          </reporter-output>
        </test-method> <!-- gmDPBack -->
        <test-method status="PASS" signature="tearDown(org.testng.ITestResult)[pri:0, instance:com.fishbowl.gama.LiveTestCall@1810399e]" name="tearDown" is-config="true" duration-ms="36" started-at="2017-05-23T17:15:48Z" finished-at="2017-05-23T17:15:48Z">
          <params>
            <param index="0">
              <value>
                <![CDATA[[TestResult name=gmDPBack status=SUCCESS method=LiveTestCall.gmDPBack()[pri:0, instance:com.fishbowl.gama.LiveTestCall@1810399e] output={null}]]]>
              </value>
            </param>
          </params>
          <reporter-output>
          </reporter-output>
        </test-method> <!-- tearDown -->
        <test-method status="PASS" signature="guestMixOrderMode()[pri:0, instance:com.fishbowl.gama.LiveTestCall@1810399e]" name="guestMixOrderMode" duration-ms="24798" started-at="2017-05-23T17:15:48Z" finished-at="2017-05-23T17:16:13Z">
          <reporter-output>
          </reporter-output>
        </test-method> <!-- guestMixOrderMode -->
        <test-method status="PASS" signature="tearDown(org.testng.ITestResult)[pri:0, instance:com.fishbowl.gama.LiveTestCall@1810399e]" name="tearDown" is-config="true" duration-ms="33" started-at="2017-05-23T17:16:13Z" finished-at="2017-05-23T17:16:13Z">
          <params>
            <param index="0">
              <value>
                <![CDATA[[TestResult name=guestMixOrderMode status=SUCCESS method=LiveTestCall.guestMixOrderMode()[pri:0, instance:com.fishbowl.gama.LiveTestCall@1810399e] output={null}]]]>
              </value>
            </param>
          </params>
          <reporter-output>
          </reporter-output>
        </test-method> <!-- tearDown -->
        <test-method status="PASS" signature="gmOMFilerCheck()[pri:0, instance:com.fishbowl.gama.LiveTestCall@1810399e]" name="gmOMFilerCheck" duration-ms="18664" started-at="2017-05-23T17:16:13Z" finished-at="2017-05-23T17:16:31Z">
          <reporter-output>
          </reporter-output>
        </test-method> <!-- gmOMFilerCheck -->
        <test-method status="PASS" signature="tearDown(org.testng.ITestResult)[pri:0, instance:com.fishbowl.gama.LiveTestCall@1810399e]" name="tearDown" is-config="true" duration-ms="37" started-at="2017-05-23T17:16:31Z" finished-at="2017-05-23T17:16:31Z">
          <params>
            <param index="0">
              <value>
                <![CDATA[[TestResult name=gmOMFilerCheck status=SUCCESS method=LiveTestCall.gmOMFilerCheck()[pri:0, instance:com.fishbowl.gama.LiveTestCall@1810399e] output={null}]]]>
              </value>
            </param>
          </params>
          <reporter-output>
          </reporter-output>
        </test-method> <!-- tearDown -->
        <test-method status="PASS" signature="gmOMBack()[pri:0, instance:com.fishbowl.gama.LiveTestCall@1810399e]" name="gmOMBack" duration-ms="8322" started-at="2017-05-23T17:16:31Z" finished-at="2017-05-23T17:16:40Z">
          <reporter-output>
          </reporter-output>
        </test-method> <!-- gmOMBack -->
        <test-method status="PASS" signature="tearDown(org.testng.ITestResult)[pri:0, instance:com.fishbowl.gama.LiveTestCall@1810399e]" name="tearDown" is-config="true" duration-ms="40" started-at="2017-05-23T17:16:40Z" finished-at="2017-05-23T17:16:40Z">
          <params>
            <param index="0">
              <value>
                <![CDATA[[TestResult name=gmOMBack status=SUCCESS method=LiveTestCall.gmOMBack()[pri:0, instance:com.fishbowl.gama.LiveTestCall@1810399e] output={null}]]]>
              </value>
            </param>
          </params>
          <reporter-output>
          </reporter-output>
        </test-method> <!-- tearDown -->
        <test-method status="PASS" signature="guestMixDayOfWeek()[pri:0, instance:com.fishbowl.gama.LiveTestCall@1810399e]" name="guestMixDayOfWeek" duration-ms="24762" started-at="2017-05-23T17:16:40Z" finished-at="2017-05-23T17:17:05Z">
          <reporter-output>
          </reporter-output>
        </test-method> <!-- guestMixDayOfWeek -->
        <test-method status="PASS" signature="tearDown(org.testng.ITestResult)[pri:0, instance:com.fishbowl.gama.LiveTestCall@1810399e]" name="tearDown" is-config="true" duration-ms="22" started-at="2017-05-23T17:17:05Z" finished-at="2017-05-23T17:17:05Z">
          <params>
            <param index="0">
              <value>
                <![CDATA[[TestResult name=guestMixDayOfWeek status=SUCCESS method=LiveTestCall.guestMixDayOfWeek()[pri:0, instance:com.fishbowl.gama.LiveTestCall@1810399e] output={null}]]]>
              </value>
            </param>
          </params>
          <reporter-output>
          </reporter-output>
        </test-method> <!-- tearDown -->
        <test-method status="PASS" signature="gmDWFilerCheck()[pri:0, instance:com.fishbowl.gama.LiveTestCall@1810399e]" name="gmDWFilerCheck" duration-ms="18362" started-at="2017-05-23T17:17:05Z" finished-at="2017-05-23T17:17:23Z">
          <reporter-output>
          </reporter-output>
        </test-method> <!-- gmDWFilerCheck -->
        <test-method status="PASS" signature="tearDown(org.testng.ITestResult)[pri:0, instance:com.fishbowl.gama.LiveTestCall@1810399e]" name="tearDown" is-config="true" duration-ms="47" started-at="2017-05-23T17:17:23Z" finished-at="2017-05-23T17:17:23Z">
          <params>
            <param index="0">
              <value>
                <![CDATA[[TestResult name=gmDWFilerCheck status=SUCCESS method=LiveTestCall.gmDWFilerCheck()[pri:0, instance:com.fishbowl.gama.LiveTestCall@1810399e] output={null}]]]>
              </value>
            </param>
          </params>
          <reporter-output>
          </reporter-output>
        </test-method> <!-- tearDown -->
        <test-method status="PASS" signature="gmDWBack()[pri:0, instance:com.fishbowl.gama.LiveTestCall@1810399e]" name="gmDWBack" duration-ms="8320" started-at="2017-05-23T17:17:23Z" finished-at="2017-05-23T17:17:31Z">
          <reporter-output>
          </reporter-output>
        </test-method> <!-- gmDWBack -->
        <test-method status="PASS" signature="tearDown(org.testng.ITestResult)[pri:0, instance:com.fishbowl.gama.LiveTestCall@1810399e]" name="tearDown" is-config="true" duration-ms="33" started-at="2017-05-23T17:17:31Z" finished-at="2017-05-23T17:17:31Z">
          <params>
            <param index="0">
              <value>
                <![CDATA[[TestResult name=gmDWBack status=SUCCESS method=LiveTestCall.gmDWBack()[pri:0, instance:com.fishbowl.gama.LiveTestCall@1810399e] output={null}]]]>
              </value>
            </param>
          </params>
          <reporter-output>
          </reporter-output>
        </test-method> <!-- tearDown -->
        <test-method status="PASS" signature="guestMixBack()[pri:0, instance:com.fishbowl.gama.LiveTestCall@1810399e]" name="guestMixBack" duration-ms="2099" started-at="2017-05-23T17:17:31Z" finished-at="2017-05-23T17:17:33Z">
          <reporter-output>
          </reporter-output>
        </test-method> <!-- guestMixBack -->
        <test-method status="PASS" signature="tearDown(org.testng.ITestResult)[pri:0, instance:com.fishbowl.gama.LiveTestCall@1810399e]" name="tearDown" is-config="true" duration-ms="30" started-at="2017-05-23T17:17:33Z" finished-at="2017-05-23T17:17:33Z">
          <params>
            <param index="0">
              <value>
                <![CDATA[[TestResult name=guestMixBack status=SUCCESS method=LiveTestCall.guestMixBack()[pri:0, instance:com.fishbowl.gama.LiveTestCall@1810399e] output={null}]]]>
              </value>
            </param>
          </params>
          <reporter-output>
          </reporter-output>
        </test-method> <!-- tearDown -->
        <test-method status="PASS" signature="L2_checkCountNavigator()[pri:0, instance:com.fishbowl.gama.LiveTestCall@1810399e]" name="L2_checkCountNavigator" duration-ms="25007" started-at="2017-05-23T17:17:33Z" finished-at="2017-05-23T17:17:58Z">
          <reporter-output>
          </reporter-output>
        </test-method> <!-- L2_checkCountNavigator -->
        <test-method status="PASS" signature="tearDown(org.testng.ITestResult)[pri:0, instance:com.fishbowl.gama.LiveTestCall@1810399e]" name="tearDown" is-config="true" duration-ms="26" started-at="2017-05-23T17:17:58Z" finished-at="2017-05-23T17:17:58Z">
          <params>
            <param index="0">
              <value>
                <![CDATA[[TestResult name=L2_checkCountNavigator status=SUCCESS method=LiveTestCall.L2_checkCountNavigator()[pri:0, instance:com.fishbowl.gama.LiveTestCall@1810399e] output={null}]]]>
              </value>
            </param>
          </params>
          <reporter-output>
          </reporter-output>
        </test-method> <!-- tearDown -->
        <test-method status="PASS" signature="checkCountQuarterDropdown()[pri:0, instance:com.fishbowl.gama.LiveTestCall@1810399e]" name="checkCountQuarterDropdown" duration-ms="18414" started-at="2017-05-23T17:17:58Z" finished-at="2017-05-23T17:18:17Z">
          <reporter-output>
          </reporter-output>
        </test-method> <!-- checkCountQuarterDropdown -->
        <test-method status="PASS" signature="tearDown(org.testng.ITestResult)[pri:0, instance:com.fishbowl.gama.LiveTestCall@1810399e]" name="tearDown" is-config="true" duration-ms="43" started-at="2017-05-23T17:18:17Z" finished-at="2017-05-23T17:18:17Z">
          <params>
            <param index="0">
              <value>
                <![CDATA[[TestResult name=checkCountQuarterDropdown status=SUCCESS method=LiveTestCall.checkCountQuarterDropdown()[pri:0, instance:com.fishbowl.gama.LiveTestCall@1810399e] output={null}]]]>
              </value>
            </param>
          </params>
          <reporter-output>
          </reporter-output>
        </test-method> <!-- tearDown -->
        <test-method status="PASS" signature="checkCountPeriodDropdown()[pri:0, instance:com.fishbowl.gama.LiveTestCall@1810399e]" name="checkCountPeriodDropdown" duration-ms="3441" started-at="2017-05-23T17:18:17Z" finished-at="2017-05-23T17:18:20Z">
          <reporter-output>
          </reporter-output>
        </test-method> <!-- checkCountPeriodDropdown -->
        <test-method status="PASS" signature="tearDown(org.testng.ITestResult)[pri:0, instance:com.fishbowl.gama.LiveTestCall@1810399e]" name="tearDown" is-config="true" duration-ms="32" started-at="2017-05-23T17:18:20Z" finished-at="2017-05-23T17:18:20Z">
          <params>
            <param index="0">
              <value>
                <![CDATA[[TestResult name=checkCountPeriodDropdown status=SUCCESS method=LiveTestCall.checkCountPeriodDropdown()[pri:0, instance:com.fishbowl.gama.LiveTestCall@1810399e] output={null}]]]>
              </value>
            </param>
          </params>
          <reporter-output>
          </reporter-output>
        </test-method> <!-- tearDown -->
        <test-method status="PASS" signature="checkCountFilterDataCheck()[pri:0, instance:com.fishbowl.gama.LiveTestCall@1810399e]" name="checkCountFilterDataCheck" duration-ms="9134" started-at="2017-05-23T17:18:20Z" finished-at="2017-05-23T17:18:30Z">
          <reporter-output>
          </reporter-output>
        </test-method> <!-- checkCountFilterDataCheck -->
        <test-method status="PASS" signature="tearDown(org.testng.ITestResult)[pri:0, instance:com.fishbowl.gama.LiveTestCall@1810399e]" name="tearDown" is-config="true" duration-ms="44" started-at="2017-05-23T17:18:30Z" finished-at="2017-05-23T17:18:30Z">
          <params>
            <param index="0">
              <value>
                <![CDATA[[TestResult name=checkCountFilterDataCheck status=SUCCESS method=LiveTestCall.checkCountFilterDataCheck()[pri:0, instance:com.fishbowl.gama.LiveTestCall@1810399e] output={null}]]]>
              </value>
            </param>
          </params>
          <reporter-output>
          </reporter-output>
        </test-method> <!-- tearDown -->
        <test-method status="PASS" signature="checkCountOverTime()[pri:0, instance:com.fishbowl.gama.LiveTestCall@1810399e]" name="checkCountOverTime" duration-ms="24759" started-at="2017-05-23T17:18:30Z" finished-at="2017-05-23T17:18:54Z">
          <reporter-output>
          </reporter-output>
        </test-method> <!-- checkCountOverTime -->
        <test-method status="PASS" signature="tearDown(org.testng.ITestResult)[pri:0, instance:com.fishbowl.gama.LiveTestCall@1810399e]" name="tearDown" is-config="true" duration-ms="56" started-at="2017-05-23T17:18:54Z" finished-at="2017-05-23T17:18:54Z">
          <params>
            <param index="0">
              <value>
                <![CDATA[[TestResult name=checkCountOverTime status=SUCCESS method=LiveTestCall.checkCountOverTime()[pri:0, instance:com.fishbowl.gama.LiveTestCall@1810399e] output={null}]]]>
              </value>
            </param>
          </params>
          <reporter-output>
          </reporter-output>
        </test-method> <!-- tearDown -->
        <test-method status="PASS" signature="ccOTFilerCheck()[pri:0, instance:com.fishbowl.gama.LiveTestCall@1810399e]" name="ccOTFilerCheck" duration-ms="18862" started-at="2017-05-23T17:18:54Z" finished-at="2017-05-23T17:19:13Z">
          <reporter-output>
          </reporter-output>
        </test-method> <!-- ccOTFilerCheck -->
        <test-method status="PASS" signature="tearDown(org.testng.ITestResult)[pri:0, instance:com.fishbowl.gama.LiveTestCall@1810399e]" name="tearDown" is-config="true" duration-ms="34" started-at="2017-05-23T17:19:13Z" finished-at="2017-05-23T17:19:13Z">
          <params>
            <param index="0">
              <value>
                <![CDATA[[TestResult name=ccOTFilerCheck status=SUCCESS method=LiveTestCall.ccOTFilerCheck()[pri:0, instance:com.fishbowl.gama.LiveTestCall@1810399e] output={null}]]]>
              </value>
            </param>
          </params>
          <reporter-output>
          </reporter-output>
        </test-method> <!-- tearDown -->
        <test-method status="PASS" signature="ccOTBack()[pri:0, instance:com.fishbowl.gama.LiveTestCall@1810399e]" name="ccOTBack" duration-ms="8353" started-at="2017-05-23T17:19:13Z" finished-at="2017-05-23T17:19:22Z">
          <reporter-output>
          </reporter-output>
        </test-method> <!-- ccOTBack -->
        <test-method status="PASS" signature="tearDown(org.testng.ITestResult)[pri:0, instance:com.fishbowl.gama.LiveTestCall@1810399e]" name="tearDown" is-config="true" duration-ms="30" started-at="2017-05-23T17:19:22Z" finished-at="2017-05-23T17:19:22Z">
          <params>
            <param index="0">
              <value>
                <![CDATA[[TestResult name=ccOTBack status=SUCCESS method=LiveTestCall.ccOTBack()[pri:0, instance:com.fishbowl.gama.LiveTestCall@1810399e] output={null}]]]>
              </value>
            </param>
          </params>
          <reporter-output>
          </reporter-output>
        </test-method> <!-- tearDown -->
        <test-method status="PASS" signature="checkCountDayPart()[pri:0, instance:com.fishbowl.gama.LiveTestCall@1810399e]" name="checkCountDayPart" duration-ms="24758" started-at="2017-05-23T17:19:22Z" finished-at="2017-05-23T17:19:46Z">
          <reporter-output>
          </reporter-output>
        </test-method> <!-- checkCountDayPart -->
        <test-method status="PASS" signature="tearDown(org.testng.ITestResult)[pri:0, instance:com.fishbowl.gama.LiveTestCall@1810399e]" name="tearDown" is-config="true" duration-ms="40" started-at="2017-05-23T17:19:46Z" finished-at="2017-05-23T17:19:46Z">
          <params>
            <param index="0">
              <value>
                <![CDATA[[TestResult name=checkCountDayPart status=SUCCESS method=LiveTestCall.checkCountDayPart()[pri:0, instance:com.fishbowl.gama.LiveTestCall@1810399e] output={null}]]]>
              </value>
            </param>
          </params>
          <reporter-output>
          </reporter-output>
        </test-method> <!-- tearDown -->
        <test-method status="PASS" signature="ccDPFilerCheck()[pri:0, instance:com.fishbowl.gama.LiveTestCall@1810399e]" name="ccDPFilerCheck" duration-ms="18342" started-at="2017-05-23T17:19:46Z" finished-at="2017-05-23T17:20:05Z">
          <reporter-output>
          </reporter-output>
        </test-method> <!-- ccDPFilerCheck -->
        <test-method status="PASS" signature="tearDown(org.testng.ITestResult)[pri:0, instance:com.fishbowl.gama.LiveTestCall@1810399e]" name="tearDown" is-config="true" duration-ms="33" started-at="2017-05-23T17:20:05Z" finished-at="2017-05-23T17:20:05Z">
          <params>
            <param index="0">
              <value>
                <![CDATA[[TestResult name=ccDPFilerCheck status=SUCCESS method=LiveTestCall.ccDPFilerCheck()[pri:0, instance:com.fishbowl.gama.LiveTestCall@1810399e] output={null}]]]>
              </value>
            </param>
          </params>
          <reporter-output>
          </reporter-output>
        </test-method> <!-- tearDown -->
        <test-method status="PASS" signature="ccDPBack()[pri:0, instance:com.fishbowl.gama.LiveTestCall@1810399e]" name="ccDPBack" duration-ms="8521" started-at="2017-05-23T17:20:05Z" finished-at="2017-05-23T17:20:13Z">
          <reporter-output>
          </reporter-output>
        </test-method> <!-- ccDPBack -->
        <test-method status="PASS" signature="tearDown(org.testng.ITestResult)[pri:0, instance:com.fishbowl.gama.LiveTestCall@1810399e]" name="tearDown" is-config="true" duration-ms="16" started-at="2017-05-23T17:20:13Z" finished-at="2017-05-23T17:20:13Z">
          <params>
            <param index="0">
              <value>
                <![CDATA[[TestResult name=ccDPBack status=SUCCESS method=LiveTestCall.ccDPBack()[pri:0, instance:com.fishbowl.gama.LiveTestCall@1810399e] output={null}]]]>
              </value>
            </param>
          </params>
          <reporter-output>
          </reporter-output>
        </test-method> <!-- tearDown -->
        <test-method status="PASS" signature="checkCountOrderMode()[pri:0, instance:com.fishbowl.gama.LiveTestCall@1810399e]" name="checkCountOrderMode" duration-ms="24857" started-at="2017-05-23T17:20:13Z" finished-at="2017-05-23T17:20:38Z">
          <reporter-output>
          </reporter-output>
        </test-method> <!-- checkCountOrderMode -->
        <test-method status="PASS" signature="tearDown(org.testng.ITestResult)[pri:0, instance:com.fishbowl.gama.LiveTestCall@1810399e]" name="tearDown" is-config="true" duration-ms="30" started-at="2017-05-23T17:20:38Z" finished-at="2017-05-23T17:20:38Z">
          <params>
            <param index="0">
              <value>
                <![CDATA[[TestResult name=checkCountOrderMode status=SUCCESS method=LiveTestCall.checkCountOrderMode()[pri:0, instance:com.fishbowl.gama.LiveTestCall@1810399e] output={null}]]]>
              </value>
            </param>
          </params>
          <reporter-output>
          </reporter-output>
        </test-method> <!-- tearDown -->
        <test-method status="PASS" signature="ccOMFilerCheck()[pri:0, instance:com.fishbowl.gama.LiveTestCall@1810399e]" name="ccOMFilerCheck" duration-ms="18249" started-at="2017-05-23T17:20:38Z" finished-at="2017-05-23T17:20:57Z">
          <reporter-output>
          </reporter-output>
        </test-method> <!-- ccOMFilerCheck -->
        <test-method status="PASS" signature="tearDown(org.testng.ITestResult)[pri:0, instance:com.fishbowl.gama.LiveTestCall@1810399e]" name="tearDown" is-config="true" duration-ms="37" started-at="2017-05-23T17:20:57Z" finished-at="2017-05-23T17:20:57Z">
          <params>
            <param index="0">
              <value>
                <![CDATA[[TestResult name=ccOMFilerCheck status=SUCCESS method=LiveTestCall.ccOMFilerCheck()[pri:0, instance:com.fishbowl.gama.LiveTestCall@1810399e] output={null}]]]>
              </value>
            </param>
          </params>
          <reporter-output>
          </reporter-output>
        </test-method> <!-- tearDown -->
        <test-method status="PASS" signature="ccOMBack()[pri:0, instance:com.fishbowl.gama.LiveTestCall@1810399e]" name="ccOMBack" duration-ms="8315" started-at="2017-05-23T17:20:57Z" finished-at="2017-05-23T17:21:05Z">
          <reporter-output>
          </reporter-output>
        </test-method> <!-- ccOMBack -->
        <test-method status="PASS" signature="tearDown(org.testng.ITestResult)[pri:0, instance:com.fishbowl.gama.LiveTestCall@1810399e]" name="tearDown" is-config="true" duration-ms="107" started-at="2017-05-23T17:21:05Z" finished-at="2017-05-23T17:21:05Z">
          <params>
            <param index="0">
              <value>
                <![CDATA[[TestResult name=ccOMBack status=SUCCESS method=LiveTestCall.ccOMBack()[pri:0, instance:com.fishbowl.gama.LiveTestCall@1810399e] output={null}]]]>
              </value>
            </param>
          </params>
          <reporter-output>
          </reporter-output>
        </test-method> <!-- tearDown -->
        <test-method status="PASS" signature="checkCountDayOfWeek()[pri:0, instance:com.fishbowl.gama.LiveTestCall@1810399e]" name="checkCountDayOfWeek" duration-ms="24966" started-at="2017-05-23T17:21:05Z" finished-at="2017-05-23T17:21:30Z">
          <reporter-output>
          </reporter-output>
        </test-method> <!-- checkCountDayOfWeek -->
        <test-method status="PASS" signature="tearDown(org.testng.ITestResult)[pri:0, instance:com.fishbowl.gama.LiveTestCall@1810399e]" name="tearDown" is-config="true" duration-ms="48" started-at="2017-05-23T17:21:30Z" finished-at="2017-05-23T17:21:30Z">
          <params>
            <param index="0">
              <value>
                <![CDATA[[TestResult name=checkCountDayOfWeek status=SUCCESS method=LiveTestCall.checkCountDayOfWeek()[pri:0, instance:com.fishbowl.gama.LiveTestCall@1810399e] output={null}]]]>
              </value>
            </param>
          </params>
          <reporter-output>
          </reporter-output>
        </test-method> <!-- tearDown -->
        <test-method status="PASS" signature="ccDWFilerCheck()[pri:0, instance:com.fishbowl.gama.LiveTestCall@1810399e]" name="ccDWFilerCheck" duration-ms="17809" started-at="2017-05-23T17:21:30Z" finished-at="2017-05-23T17:21:48Z">
          <reporter-output>
          </reporter-output>
        </test-method> <!-- ccDWFilerCheck -->
        <test-method status="PASS" signature="tearDown(org.testng.ITestResult)[pri:0, instance:com.fishbowl.gama.LiveTestCall@1810399e]" name="tearDown" is-config="true" duration-ms="32" started-at="2017-05-23T17:21:48Z" finished-at="2017-05-23T17:21:48Z">
          <params>
            <param index="0">
              <value>
                <![CDATA[[TestResult name=ccDWFilerCheck status=SUCCESS method=LiveTestCall.ccDWFilerCheck()[pri:0, instance:com.fishbowl.gama.LiveTestCall@1810399e] output={null}]]]>
              </value>
            </param>
          </params>
          <reporter-output>
          </reporter-output>
        </test-method> <!-- tearDown -->
        <test-method status="PASS" signature="ccDWBack()[pri:0, instance:com.fishbowl.gama.LiveTestCall@1810399e]" name="ccDWBack" duration-ms="8334" started-at="2017-05-23T17:21:48Z" finished-at="2017-05-23T17:21:56Z">
          <reporter-output>
          </reporter-output>
        </test-method> <!-- ccDWBack -->
        <test-method status="PASS" signature="tearDown(org.testng.ITestResult)[pri:0, instance:com.fishbowl.gama.LiveTestCall@1810399e]" name="tearDown" is-config="true" duration-ms="38" started-at="2017-05-23T17:21:56Z" finished-at="2017-05-23T17:21:56Z">
          <params>
            <param index="0">
              <value>
                <![CDATA[[TestResult name=ccDWBack status=SUCCESS method=LiveTestCall.ccDWBack()[pri:0, instance:com.fishbowl.gama.LiveTestCall@1810399e] output={null}]]]>
              </value>
            </param>
          </params>
          <reporter-output>
          </reporter-output>
        </test-method> <!-- tearDown -->
        <test-method status="PASS" signature="checkCountBack()[pri:0, instance:com.fishbowl.gama.LiveTestCall@1810399e]" name="checkCountBack" duration-ms="2992" started-at="2017-05-23T17:21:56Z" finished-at="2017-05-23T17:21:59Z">
          <reporter-output>
          </reporter-output>
        </test-method> <!-- checkCountBack -->
        <test-method status="PASS" signature="tearDown(org.testng.ITestResult)[pri:0, instance:com.fishbowl.gama.LiveTestCall@1810399e]" name="tearDown" is-config="true" duration-ms="27" started-at="2017-05-23T17:21:59Z" finished-at="2017-05-23T17:21:59Z">
          <params>
            <param index="0">
              <value>
                <![CDATA[[TestResult name=checkCountBack status=SUCCESS method=LiveTestCall.checkCountBack()[pri:0, instance:com.fishbowl.gama.LiveTestCall@1810399e] output={null}]]]>
              </value>
            </param>
          </params>
          <reporter-output>
          </reporter-output>
        </test-method> <!-- tearDown -->
[...]
          <reporter-output>
          </reporter-output>
        </test-method> <!-- LoyaltyFilerCheck -->
        <test-method status="PASS" signature="tearDown(org.testng.ITestResult)[pri:0, instance:com.fishbowl.gama.LiveTestCall@1810399e]" name="tearDown" is-config="true" duration-ms="42" started-at="2017-05-23T17:43:32Z" finished-at="2017-05-23T17:43:32Z">
          <params>
            <param index="0">
              <value>
                <![CDATA[[TestResult name=LoyaltyFilerCheck status=SUCCESS method=LiveTestCall.LoyaltyFilerCheck()[pri:0, instance:com.fishbowl.gama.LiveTestCall@1810399e] output={null}]]]>
              </value>
            </param>
          </params>
          <reporter-output>
          </reporter-output>
        </test-method> <!-- tearDown -->
        <test-method status="PASS" signature="L1_SMA()[pri:0, instance:com.fishbowl.gama.LiveTestCall@1810399e]" name="L1_SMA" duration-ms="16328" started-at="2017-05-23T17:43:32Z" finished-at="2017-05-23T17:43:48Z">
          <reporter-output>
          </reporter-output>
        </test-method> <!-- L1_SMA -->
        <test-method status="PASS" signature="tearDown(org.testng.ITestResult)[pri:0, instance:com.fishbowl.gama.LiveTestCall@1810399e]" name="tearDown" is-config="true" duration-ms="61" started-at="2017-05-23T17:43:48Z" finished-at="2017-05-23T17:43:48Z">
          <params>
            <param index="0">
              <value>
                <![CDATA[[TestResult name=L1_SMA status=SUCCESS method=LiveTestCall.L1_SMA()[pri:0, instance:com.fishbowl.gama.LiveTestCall@1810399e] output={null}]]]>
              </value>
            </param>
          </params>
          <reporter-output>
          </reporter-output>
        </test-method> <!-- tearDown -->
        <test-method status="PASS" signature="L3_SMSDetails()[pri:0, instance:com.fishbowl.gama.LiveTestCall@1810399e]" name="L3_SMSDetails" duration-ms="23171" started-at="2017-05-23T17:43:48Z" finished-at="2017-05-23T17:44:12Z">
          <reporter-output>
          </reporter-output>
        </test-method> <!-- L3_SMSDetails -->
        <test-method status="PASS" signature="tearDown(org.testng.ITestResult)[pri:0, instance:com.fishbowl.gama.LiveTestCall@1810399e]" name="tearDown" is-config="true" duration-ms="29" started-at="2017-05-23T17:44:12Z" finished-at="2017-05-23T17:44:12Z">
          <params>
            <param index="0">
              <value>
                <![CDATA[[TestResult name=L3_SMSDetails status=SUCCESS method=LiveTestCall.L3_SMSDetails()[pri:0, instance:com.fishbowl.gama.LiveTestCall@1810399e] output={null}]]]>
              </value>
            </param>
          </params>
          <reporter-output>
          </reporter-output>
        </test-method> <!-- tearDown -->
        <test-method status="PASS" signature="smaDetailsFilerCheck()[pri:0, instance:com.fishbowl.gama.LiveTestCall@1810399e]" name="smaDetailsFilerCheck" duration-ms="27648" started-at="2017-05-23T17:44:12Z" finished-at="2017-05-23T17:44:39Z">
          <reporter-output>
          </reporter-output>
        </test-method> <!-- smaDetailsFilerCheck -->
        <test-method status="PASS" signature="tearDown(org.testng.ITestResult)[pri:0, instance:com.fishbowl.gama.LiveTestCall@1810399e]" name="tearDown" is-config="true" duration-ms="39" started-at="2017-05-23T17:44:39Z" finished-at="2017-05-23T17:44:39Z">
          <params>
            <param index="0">
              <value>
                <![CDATA[[TestResult name=smaDetailsFilerCheck status=SUCCESS method=LiveTestCall.smaDetailsFilerCheck()[pri:0, instance:com.fishbowl.gama.LiveTestCall@1810399e] output={null}]]]>
              </value>
            </param>
          </params>
          <reporter-output>
          </reporter-output>
        </test-method> <!-- tearDown -->
        <test-method status="PASS" signature="dshboardViewMA()[pri:0, instance:com.fishbowl.gama.LiveTestCall@1810399e]" name="dshboardViewMA" duration-ms="3714" started-at="2017-05-23T17:44:39Z" finished-at="2017-05-23T17:44:43Z">
          <reporter-output>
          </reporter-output>
        </test-method> <!-- dshboardViewMA -->
        <test-method status="PASS" signature="tearDown(org.testng.ITestResult)[pri:0, instance:com.fishbowl.gama.LiveTestCall@1810399e]" name="tearDown" is-config="true" duration-ms="26" started-at="2017-05-23T17:44:43Z" finished-at="2017-05-23T17:44:43Z">
          <params>
            <param index="0">
              <value>
                <![CDATA[[TestResult name=dshboardViewMA status=SUCCESS method=LiveTestCall.dshboardViewMA()[pri:0, instance:com.fishbowl.gama.LiveTestCall@1810399e] output={null}]]]>
              </value>
            </param>
          </params>
          <reporter-output>
          </reporter-output>
        </test-method> <!-- tearDown -->
        <test-method status="PASS" signature="MaCampaignPageNavigation()[pri:0, instance:com.fishbowl.gama.LiveTestCall@1810399e]" name="MaCampaignPageNavigation" duration-ms="6356" started-at="2017-05-23T17:44:43Z" finished-at="2017-05-23T17:44:49Z">
          <reporter-output>
          </reporter-output>
        </test-method> <!-- MaCampaignPageNavigation -->
        <test-method status="PASS" signature="tearDown(org.testng.ITestResult)[pri:0, instance:com.fishbowl.gama.LiveTestCall@1810399e]" name="tearDown" is-config="true" duration-ms="34" started-at="2017-05-23T17:44:49Z" finished-at="2017-05-23T17:44:49Z">
          <params>
            <param index="0">
              <value>
                <![CDATA[[TestResult name=MaCampaignPageNavigation status=SUCCESS method=LiveTestCall.MaCampaignPageNavigation()[pri:0, instance:com.fishbowl.gama.LiveTestCall@1810399e] output={null}]]]>
              </value>
            </param>
          </params>
          <reporter-output>
          </reporter-output>
        </test-method> <!-- tearDown -->
        <test-method status="PASS" signature="createBroadcastCampaign()[pri:0, instance:com.fishbowl.gama.LiveTestCall@1810399e]" name="createBroadcastCampaign" duration-ms="17657" started-at="2017-05-23T17:44:49Z" finished-at="2017-05-23T17:45:07Z">
          <reporter-output>
          </reporter-output>
        </test-method> <!-- createBroadcastCampaign -->
        <test-method status="PASS" signature="tearDown(org.testng.ITestResult)[pri:0, instance:com.fishbowl.gama.LiveTestCall@1810399e]" name="tearDown" is-config="true" duration-ms="56" started-at="2017-05-23T17:45:07Z" finished-at="2017-05-23T17:45:07Z">
          <params>
            <param index="0">
              <value>
                <![CDATA[[TestResult name=createBroadcastCampaign status=SUCCESS method=LiveTestCall.createBroadcastCampaign()[pri:0, instance:com.fishbowl.gama.LiveTestCall@1810399e] output={null}]]]>
              </value>
            </param>
          </params>
          <reporter-output>
          </reporter-output>
        </test-method> <!-- tearDown -->
        <test-method status="PASS" signature="definingBroadcastCampaign()[pri:0, instance:com.fishbowl.gama.LiveTestCall@1810399e]" name="definingBroadcastCampaign" duration-ms="3091" started-at="2017-05-23T17:45:07Z" finished-at="2017-05-23T17:45:10Z">
          <reporter-output>
          </reporter-output>
        </test-method> <!-- definingBroadcastCampaign -->
        <test-method status="PASS" signature="tearDown(org.testng.ITestResult)[pri:0, instance:com.fishbowl.gama.LiveTestCall@1810399e]" name="tearDown" is-config="true" duration-ms="30" started-at="2017-05-23T17:45:10Z" finished-at="2017-05-23T17:45:10Z">
          <params>
            <param index="0">
              <value>
                <![CDATA[[TestResult name=definingBroadcastCampaign status=SUCCESS method=LiveTestCall.definingBroadcastCampaign()[pri:0, instance:com.fishbowl.gama.LiveTestCall@1810399e] output={null}]]]>
              </value>
            </param>
          </params>
          <reporter-output>
          </reporter-output>
        </test-method> <!-- tearDown -->
        <test-method status="PASS" signature="audienceBroadcastSelection()[pri:0, instance:com.fishbowl.gama.LiveTestCall@1810399e]" name="audienceBroadcastSelection" duration-ms="183" started-at="2017-05-23T17:45:10Z" finished-at="2017-05-23T17:45:10Z">
          <reporter-output>
          </reporter-output>
        </test-method> <!-- audienceBroadcastSelection -->
        <test-method status="PASS" signature="tearDown(org.testng.ITestResult)[pri:0, instance:com.fishbowl.gama.LiveTestCall@1810399e]" name="tearDown" is-config="true" duration-ms="35" started-at="2017-05-23T17:45:10Z" finished-at="2017-05-23T17:45:11Z">
          <params>
            <param index="0">
              <value>
                <![CDATA[[TestResult name=audienceBroadcastSelection status=SUCCESS method=LiveTestCall.audienceBroadcastSelection()[pri:0, instance:com.fishbowl.gama.LiveTestCall@1810399e] output={null}]]]>
              </value>
            </param>
          </params>
          <reporter-output>
          </reporter-output>
        </test-method> <!-- tearDown -->
        <test-method status="PASS" signature="storeBroadcastSelection()[pri:0, instance:com.fishbowl.gama.LiveTestCall@1810399e]" name="storeBroadcastSelection" duration-ms="4484" started-at="2017-05-23T17:45:11Z" finished-at="2017-05-23T17:45:15Z">
          <reporter-output>
          </reporter-output>
        </test-method> <!-- storeBroadcastSelection -->
        <test-method status="PASS" signature="tearDown(org.testng.ITestResult)[pri:0, instance:com.fishbowl.gama.LiveTestCall@1810399e]" name="tearDown" is-config="true" duration-ms="38" started-at="2017-05-23T17:45:15Z" finished-at="2017-05-23T17:45:15Z">
          <params>
            <param index="0">
              <value>
                <![CDATA[[TestResult name=storeBroadcastSelection status=SUCCESS method=LiveTestCall.storeBroadcastSelection()[pri:0, instance:com.fishbowl.gama.LiveTestCall@1810399e] output={null}]]]>
              </value>
            </param>
          </params>
          <reporter-output>
          </reporter-output>
        </test-method> <!-- tearDown -->
        <test-method status="PASS" signature="snedBroadcastNow()[pri:0, instance:com.fishbowl.gama.LiveTestCall@1810399e]" name="snedBroadcastNow" duration-ms="1072" started-at="2017-05-23T17:45:15Z" finished-at="2017-05-23T17:45:16Z">
          <reporter-output>
          </reporter-output>
        </test-method> <!-- snedBroadcastNow -->
        <test-method status="PASS" signature="tearDown(org.testng.ITestResult)[pri:0, instance:com.fishbowl.gama.LiveTestCall@1810399e]" name="tearDown" is-config="true" duration-ms="38" started-at="2017-05-23T17:45:16Z" finished-at="2017-05-23T17:45:16Z">
          <params>
            <param index="0">
              <value>
                <![CDATA[[TestResult name=snedBroadcastNow status=SUCCESS method=LiveTestCall.snedBroadcastNow()[pri:0, instance:com.fishbowl.gama.LiveTestCall@1810399e] output={null}]]]>
              </value>
            </param>
          </params>
          <reporter-output>
          </reporter-output>
        </test-method> <!-- tearDown -->
        <test-method status="PASS" signature="publishBroadcastMessage()[pri:0, instance:com.fishbowl.gama.LiveTestCall@1810399e]" name="publishBroadcastMessage" duration-ms="1280" started-at="2017-05-23T17:45:16Z" finished-at="2017-05-23T17:45:17Z">
          <reporter-output>
          </reporter-output>
        </test-method> <!-- publishBroadcastMessage -->
        <test-method status="PASS" signature="tearDown(org.testng.ITestResult)[pri:0, instance:com.fishbowl.gama.LiveTestCall@1810399e]" name="tearDown" is-config="true" duration-ms="36" started-at="2017-05-23T17:45:17Z" finished-at="2017-05-23T17:45:17Z">
          <params>
            <param index="0">
              <value>
                <![CDATA[[TestResult name=publishBroadcastMessage status=SUCCESS method=LiveTestCall.publishBroadcastMessage()[pri:0, instance:com.fishbowl.gama.LiveTestCall@1810399e] output={null}]]]>
              </value>
            </param>
          </params>
          <reporter-output>
          </reporter-output>
        </test-method> <!-- tearDown -->
        <test-method status="PASS" signature="acquisitionStart()[pri:0, instance:com.fishbowl.gama.LiveTestCall@1810399e]" name="acquisitionStart" duration-ms="8625" started-at="2017-05-23T17:45:17Z" finished-at="2017-05-23T17:45:26Z">
          <reporter-output>
          </reporter-output>
        </test-method> <!-- acquisitionStart -->
        <test-method status="PASS" signature="tearDown(org.testng.ITestResult)[pri:0, instance:com.fishbowl.gama.LiveTestCall@1810399e]" name="tearDown" is-config="true" duration-ms="38" started-at="2017-05-23T17:45:26Z" finished-at="2017-05-23T17:45:26Z">
          <params>
            <param index="0">
              <value>
                <![CDATA[[TestResult name=acquisitionStart status=SUCCESS method=LiveTestCall.acquisitionStart()[pri:0, instance:com.fishbowl.gama.LiveTestCall@1810399e] output={null}]]]>
              </value>
            </param>
          </params>
          <reporter-output>
          </reporter-output>
        </test-method> <!-- tearDown -->
        <test-method status="PASS" signature="acqcampaignNaivation()[pri:0, instance:com.fishbowl.gama.LiveTestCall@1810399e]" name="acqcampaignNaivation" duration-ms="2186" started-at="2017-05-23T17:45:26Z" finished-at="2017-05-23T17:45:28Z">
          <reporter-output>
          </reporter-output>
        </test-method> <!-- acqcampaignNaivation -->
        <test-method status="PASS" signature="tearDown(org.testng.ITestResult)[pri:0, instance:com.fishbowl.gama.LiveTestCall@1810399e]" name="tearDown" is-config="true" duration-ms="25" started-at="2017-05-23T17:45:28Z" finished-at="2017-05-23T17:45:28Z">
          <params>
            <param index="0">
              <value>
                <![CDATA[[TestResult name=acqcampaignNaivation status=SUCCESS method=LiveTestCall.acqcampaignNaivation()[pri:0, instance:com.fishbowl.gama.LiveTestCall@1810399e] output={null}]]]>
              </value>
            </param>
          </params>
          <reporter-output>
          </reporter-output>
        </test-method> <!-- tearDown -->
        <test-method status="PASS" signature="acqcampaignCreation()[pri:0, instance:com.fishbowl.gama.LiveTestCall@1810399e]" name="acqcampaignCreation" duration-ms="3514" started-at="2017-05-23T17:45:28Z" finished-at="2017-05-23T17:45:32Z">
          <reporter-output>
          </reporter-output>
        </test-method> <!-- acqcampaignCreation -->
        <test-method status="PASS" signature="tearDown(org.testng.ITestResult)[pri:0, instance:com.fishbowl.gama.LiveTestCall@1810399e]" name="tearDown" is-config="true" duration-ms="66" started-at="2017-05-23T17:45:32Z" finished-at="2017-05-23T17:45:32Z">
          <params>
            <param index="0">
              <value>
                <![CDATA[[TestResult name=acqcampaignCreation status=SUCCESS method=LiveTestCall.acqcampaignCreation()[pri:0, instance:com.fishbowl.gama.LiveTestCall@1810399e] output={null}]]]>
              </value>
            </param>
          </params>
          <reporter-output>
          </reporter-output>
        </test-method> <!-- tearDown -->
        <test-method status="PASS" signature="acqdefineCmapaign()[pri:0, instance:com.fishbowl.gama.LiveTestCall@1810399e]" name="acqdefineCmapaign" duration-ms="4051" started-at="2017-05-23T17:45:32Z" finished-at="2017-05-23T17:45:36Z">
          <reporter-output>
          </reporter-output>
        </test-method> <!-- acqdefineCmapaign -->
        <test-method status="PASS" signature="tearDown(org.testng.ITestResult)[pri:0, instance:com.fishbowl.gama.LiveTestCall@1810399e]" name="tearDown" is-config="true" duration-ms="31" started-at="2017-05-23T17:45:36Z" finished-at="2017-05-23T17:45:36Z">
          <params>
            <param index="0">
              <value>
                <![CDATA[[TestResult name=acqdefineCmapaign status=SUCCESS method=LiveTestCall.acqdefineCmapaign()[pri:0, instance:com.fishbowl.gama.LiveTestCall@1810399e] output={null}]]]>
              </value>
            </param>
          </params>
          <reporter-output>
          </reporter-output>
        </test-method> <!-- tearDown -->
        <test-method status="PASS" signature="acqsubscriptionCriteria()[pri:0, instance:com.fishbowl.gama.LiveTestCall@1810399e]" name="acqsubscriptionCriteria" duration-ms="262" started-at="2017-05-23T17:45:36Z" finished-at="2017-05-23T17:45:36Z">
          <reporter-output>
          </reporter-output>
        </test-method> <!-- acqsubscriptionCriteria -->
        <test-method status="PASS" signature="tearDown(org.testng.ITestResult)[pri:0, instance:com.fishbowl.gama.LiveTestCall@1810399e]" name="tearDown" is-config="true" duration-ms="33" started-at="2017-05-23T17:45:36Z" finished-at="2017-05-23T17:45:36Z">
          <params>
            <param index="0">
              <value>
                <![CDATA[[TestResult name=acqsubscriptionCriteria status=SUCCESS method=LiveTestCall.acqsubscriptionCriteria()[pri:0, instance:com.fishbowl.gama.LiveTestCall@1810399e] output={null}]]]>
              </value>
            </param>
          </params>
          <reporter-output>
          </reporter-output>
        </test-method> <!-- tearDown -->
        <test-method status="PASS" signature="acqscheduling()[pri:0, instance:com.fishbowl.gama.LiveTestCall@1810399e]" name="acqscheduling" duration-ms="5186" started-at="2017-05-23T17:45:36Z" finished-at="2017-05-23T17:45:41Z">
          <reporter-output>
          </reporter-output>
        </test-method> <!-- acqscheduling -->
        <test-method status="PASS" signature="tearDown(org.testng.ITestResult)[pri:0, instance:com.fishbowl.gama.LiveTestCall@1810399e]" name="tearDown" is-config="true" duration-ms="88" started-at="2017-05-23T17:45:41Z" finished-at="2017-05-23T17:45:42Z">
          <params>
            <param index="0">
              <value>
                <![CDATA[[TestResult name=acqscheduling status=SUCCESS method=LiveTestCall.acqscheduling()[pri:0, instance:com.fishbowl.gama.LiveTestCall@1810399e] output={null}]]]>
              </value>
            </param>
          </params>
          <reporter-output>
          </reporter-output>
        </test-method> <!-- tearDown -->
        <test-method status="PASS" signature="acqpublishig()[pri:0, instance:com.fishbowl.gama.LiveTestCall@1810399e]" name="acqpublishig" duration-ms="5247" started-at="2017-05-23T17:45:42Z" finished-at="2017-05-23T17:45:47Z">
          <reporter-output>
          </reporter-output>
        </test-method> <!-- acqpublishig -->
        <test-method status="PASS" signature="tearDown(org.testng.ITestResult)[pri:0, instance:com.fishbowl.gama.LiveTestCall@1810399e]" name="tearDown" is-config="true" duration-ms="43" started-at="2017-05-23T17:45:47Z" finished-at="2017-05-23T17:45:47Z">
          <params>
            <param index="0">
              <value>
                <![CDATA[[TestResult name=acqpublishig status=SUCCESS method=LiveTestCall.acqpublishig()[pri:0, instance:com.fishbowl.gama.LiveTestCall@1810399e] output={null}]]]>
              </value>
            </param>
          </params>
          <reporter-output>
          </reporter-output>
        </test-method> <!-- tearDown -->
        <test-method status="PASS" signature="quit()[pri:0, instance:com.fishbowl.gama.LiveTestCall@1810399e]" name="quit" is-config="true" duration-ms="9132" started-at="2017-05-23T17:45:47Z" finished-at="2017-05-23T17:45:56Z">
          <reporter-output>
          </reporter-output>
        </test-method> <!-- quit -->
      </class> <!-- com.fishbowl.gama.LiveTestCall -->
    </test> <!-- Default test -->
  </suite> <!-- Default suite -->
</testng-results>
