<?xml version="1.0" encoding="UTF-8"?>
<testng-results skipped="0" failed="0" total="9" passed="9">
  <reporter-output>
  </reporter-output>
  <suite name="Default suite" duration-ms="869000" started-at="2017-05-26T15:08:25Z" finished-at="2017-05-26T15:22:54Z">
    <groups>
    </groups>
    <test name="Default test" duration-ms="869000" started-at="2017-05-26T15:08:25Z" finished-at="2017-05-26T15:22:54Z">
      <class name="pkg1.Optimized">
        <test-method status="PASS" signature="Browserinvoke()[pri:0, instance:pkg1.Optimized@1ddf84b8]" name="Browserinvoke" is-config="true" duration-ms="31939" started-at="2017-05-26T20:38:25Z" finished-at="2017-05-26T20:38:57Z">
          <reporter-output>
          </reporter-output>
        </test-method> <!-- Browserinvoke -->
        <test-method status="PASS" signature="TestCockpit()[pri:0, instance:pkg1.Optimized@1ddf84b8]" name="TestCockpit" duration-ms="226137" started-at="2017-05-26T20:38:57Z" finished-at="2017-05-26T20:42:43Z">
          <reporter-output>
          </reporter-output>
        </test-method> <!-- TestCockpit -->
        <test-method status="PASS" signature="tearDown(org.testng.ITestResult)[pri:0, instance:pkg1.Optimized@1ddf84b8]" name="tearDown" is-config="true" duration-ms="444" started-at="2017-05-26T20:42:43Z" finished-at="2017-05-26T20:42:43Z">
          <params>
            <param index="0">
              <value>
                <![CDATA[[TestResult name=TestCockpit status=SUCCESS method=Optimized.TestCockpit()[pri:0, instance:pkg1.Optimized@1ddf84b8] output={null}]]]>
              </value>
            </param>
          </params>
          <reporter-output>
          </reporter-output>
        </test-method> <!-- tearDown -->
        <test-method status="PASS" signature="TestNetsales()[pri:0, instance:pkg1.Optimized@1ddf84b8]" name="TestNetsales" duration-ms="55109" started-at="2017-05-26T20:42:43Z" finished-at="2017-05-26T20:43:38Z">
          <reporter-output>
          </reporter-output>
        </test-method> <!-- TestNetsales -->
        <test-method status="PASS" signature="tearDown(org.testng.ITestResult)[pri:0, instance:pkg1.Optimized@1ddf84b8]" name="tearDown" is-config="true" duration-ms="152" started-at="2017-05-26T20:43:38Z" finished-at="2017-05-26T20:43:38Z">
          <params>
            <param index="0">
              <value>
                <![CDATA[[TestResult name=TestNetsales status=SUCCESS method=Optimized.TestNetsales()[pri:0, instance:pkg1.Optimized@1ddf84b8] output={null}]]]>
              </value>
            </param>
          </params>
          <reporter-output>
          </reporter-output>
        </test-method> <!-- tearDown -->
        <test-method status="PASS" signature="TestCheckAvg()[pri:0, instance:pkg1.Optimized@1ddf84b8]" name="TestCheckAvg" duration-ms="63943" started-at="2017-05-26T20:43:38Z" finished-at="2017-05-26T20:44:42Z">
          <reporter-output>
          </reporter-output>
        </test-method> <!-- TestCheckAvg -->
        <test-method status="PASS" signature="tearDown(org.testng.ITestResult)[pri:0, instance:pkg1.Optimized@1ddf84b8]" name="tearDown" is-config="true" duration-ms="44" started-at="2017-05-26T20:44:42Z" finished-at="2017-05-26T20:44:42Z">
          <params>
            <param index="0">
              <value>
                <![CDATA[[TestResult name=TestCheckAvg status=SUCCESS method=Optimized.TestCheckAvg()[pri:0, instance:pkg1.Optimized@1ddf84b8] output={null}]]]>
              </value>
            </param>
          </params>
          <reporter-output>
          </reporter-output>
        </test-method> <!-- tearDown -->
        <test-method status="PASS" signature="TestCheckcount()[pri:0, instance:pkg1.Optimized@1ddf84b8]" name="TestCheckcount" duration-ms="32576" started-at="2017-05-26T20:44:42Z" finished-at="2017-05-26T20:45:15Z">
          <reporter-output>
          </reporter-output>
        </test-method> <!-- TestCheckcount -->
        <test-method status="PASS" signature="tearDown(org.testng.ITestResult)[pri:0, instance:pkg1.Optimized@1ddf84b8]" name="tearDown" is-config="true" duration-ms="184" started-at="2017-05-26T20:45:15Z" finished-at="2017-05-26T20:45:15Z">
          <params>
            <param index="0">
              <value>
                <![CDATA[[TestResult name=TestCheckcount status=SUCCESS method=Optimized.TestCheckcount()[pri:0, instance:pkg1.Optimized@1ddf84b8] output={null}]]]>
              </value>
            </param>
          </params>
          <reporter-output>
          </reporter-output>
        </test-method> <!-- tearDown -->
        <test-method status="PASS" signature="TestDiscount()[pri:0, instance:pkg1.Optimized@1ddf84b8]" name="TestDiscount" duration-ms="38542" started-at="2017-05-26T20:45:15Z" finished-at="2017-05-26T20:45:54Z">
          <reporter-output>
          </reporter-output>
        </test-method> <!-- TestDiscount -->
        <test-method status="PASS" signature="tearDown(org.testng.ITestResult)[pri:0, instance:pkg1.Optimized@1ddf84b8]" name="tearDown" is-config="true" duration-ms="173" started-at="2017-05-26T20:45:54Z" finished-at="2017-05-26T20:45:54Z">
          <params>
            <param index="0">
              <value>
                <![CDATA[[TestResult name=TestDiscount status=SUCCESS method=Optimized.TestDiscount()[pri:0, instance:pkg1.Optimized@1ddf84b8] output={null}]]]>
              </value>
            </param>
          </params>
          <reporter-output>
          </reporter-output>
        </test-method> <!-- tearDown -->
        <test-method status="PASS" signature="TestgrossSales()[pri:0, instance:pkg1.Optimized@1ddf84b8]" name="TestgrossSales" duration-ms="22404" started-at="2017-05-26T20:45:54Z" finished-at="2017-05-26T20:46:16Z">
          <reporter-output>
          </reporter-output>
        </test-method> <!-- TestgrossSales -->
        <test-method status="PASS" signature="tearDown(org.testng.ITestResult)[pri:0, instance:pkg1.Optimized@1ddf84b8]" name="tearDown" is-config="true" duration-ms="120" started-at="2017-05-26T20:46:16Z" finished-at="2017-05-26T20:46:16Z">
          <params>
            <param index="0">
              <value>
                <![CDATA[[TestResult name=TestgrossSales status=SUCCESS method=Optimized.TestgrossSales()[pri:0, instance:pkg1.Optimized@1ddf84b8] output={null}]]]>
              </value>
            </param>
          </params>
          <reporter-output>
          </reporter-output>
        </test-method> <!-- tearDown -->
        <test-method status="PASS" signature="TestGuestCount()[pri:0, instance:pkg1.Optimized@1ddf84b8]" name="TestGuestCount" duration-ms="23180" started-at="2017-05-26T20:46:16Z" finished-at="2017-05-26T20:46:40Z">
          <reporter-output>
          </reporter-output>
        </test-method> <!-- TestGuestCount -->
        <test-method status="PASS" signature="tearDown(org.testng.ITestResult)[pri:0, instance:pkg1.Optimized@1ddf84b8]" name="tearDown" is-config="true" duration-ms="46" started-at="2017-05-26T20:46:40Z" finished-at="2017-05-26T20:46:40Z">
          <params>
            <param index="0">
              <value>
                <![CDATA[[TestResult name=TestGuestCount status=SUCCESS method=Optimized.TestGuestCount()[pri:0, instance:pkg1.Optimized@1ddf84b8] output={null}]]]>
              </value>
            </param>
          </params>
          <reporter-output>
          </reporter-output>
        </test-method> <!-- tearDown -->
        <test-method status="PASS" signature="TestGuestMix()[pri:0, instance:pkg1.Optimized@1ddf84b8]" name="TestGuestMix" duration-ms="230997" started-at="2017-05-26T20:46:40Z" finished-at="2017-05-26T20:50:31Z">
          <reporter-output>
          </reporter-output>
        </test-method> <!-- TestGuestMix -->
        <test-method status="PASS" signature="tearDown(org.testng.ITestResult)[pri:0, instance:pkg1.Optimized@1ddf84b8]" name="tearDown" is-config="true" duration-ms="134" started-at="2017-05-26T20:50:31Z" finished-at="2017-05-26T20:50:31Z">
          <params>
            <param index="0">
              <value>
                <![CDATA[[TestResult name=TestGuestMix status=SUCCESS method=Optimized.TestGuestMix()[pri:0, instance:pkg1.Optimized@1ddf84b8] output={null}]]]>
              </value>
            </param>
          </params>
          <reporter-output>
          </reporter-output>
        </test-method> <!-- tearDown -->
        <test-method status="PASS" signature="RestL3()[pri:0, instance:pkg1.Optimized@1ddf84b8]" name="RestL3" duration-ms="142613" started-at="2017-05-26T20:50:31Z" finished-at="2017-05-26T20:52:53Z">
          <reporter-output>
          </reporter-output>
        </test-method> <!-- RestL3 -->
        <test-method status="PASS" signature="tearDown(org.testng.ITestResult)[pri:0, instance:pkg1.Optimized@1ddf84b8]" name="tearDown" is-config="true" duration-ms="178" started-at="2017-05-26T20:52:53Z" finished-at="2017-05-26T20:52:54Z">
          <params>
            <param index="0">
              <value>
                <![CDATA[[TestResult name=RestL3 status=SUCCESS method=Optimized.RestL3()[pri:0, instance:pkg1.Optimized@1ddf84b8] output={null}]]]>
              </value>
            </param>
          </params>
          <reporter-output>
          </reporter-output>
        </test-method> <!-- tearDown -->
        <test-method status="PASS" signature="quit()[pri:0, instance:pkg1.Optimized@1ddf84b8]" name="quit" is-config="true" duration-ms="3086" started-at="2017-05-26T20:52:54Z" finished-at="2017-05-26T20:52:58Z">
          <reporter-output>
          </reporter-output>
        </test-method> <!-- quit -->
      </class> <!-- pkg1.Optimized -->
    </test> <!-- Default test -->
  </suite> <!-- Default suite -->
</testng-results>
