<?xml version="1.0" encoding="UTF-8"?>
<testng-results skipped="0" failed="0" total="9" passed="9">
  <reporter-output>
  </reporter-output>
  <suite name="Default suite" duration-ms="466162" started-at="2017-05-22T15:00:29Z" finished-at="2017-05-22T15:08:15Z">
    <groups>
    </groups>
    <test name="Default test" duration-ms="466162" started-at="2017-05-22T15:00:29Z" finished-at="2017-05-22T15:08:15Z">
      <class name="pkg1.Optimized">
        <test-method status="PASS" signature="Browserinvoke()[pri:0, instance:pkg1.Optimized@643b1d11]" name="Browserinvoke" is-config="true" duration-ms="29622" started-at="2017-05-22T20:30:29Z" finished-at="2017-05-22T20:30:59Z">
          <reporter-output>
          </reporter-output>
        </test-method> <!-- Browserinvoke -->
        <test-method status="PASS" signature="TestCockpit()[pri:0, instance:pkg1.Optimized@643b1d11]" name="TestCockpit" duration-ms="16218" started-at="2017-05-22T20:30:59Z" finished-at="2017-05-22T20:31:15Z">
          <reporter-output>
          </reporter-output>
        </test-method> <!-- TestCockpit -->
        <test-method status="PASS" signature="tearDown(org.testng.ITestResult)[pri:0, instance:pkg1.Optimized@643b1d11]" name="tearDown" is-config="true" duration-ms="237" started-at="2017-05-22T20:31:15Z" finished-at="2017-05-22T20:31:15Z">
          <params>
            <param index="0">
              <value>
                <![CDATA[[TestResult name=TestCockpit status=SUCCESS method=Optimized.TestCockpit()[pri:0, instance:pkg1.Optimized@643b1d11] output={null}]]]>
              </value>
            </param>
          </params>
          <reporter-output>
          </reporter-output>
        </test-method> <!-- tearDown -->
        <test-method status="PASS" signature="TestNetsales()[pri:0, instance:pkg1.Optimized@643b1d11]" name="TestNetsales" duration-ms="33434" started-at="2017-05-22T20:31:15Z" finished-at="2017-05-22T20:31:49Z">
          <reporter-output>
          </reporter-output>
        </test-method> <!-- TestNetsales -->
        <test-method status="PASS" signature="tearDown(org.testng.ITestResult)[pri:0, instance:pkg1.Optimized@643b1d11]" name="tearDown" is-config="true" duration-ms="72" started-at="2017-05-22T20:31:49Z" finished-at="2017-05-22T20:31:49Z">
          <params>
            <param index="0">
              <value>
                <![CDATA[[TestResult name=TestNetsales status=SUCCESS method=Optimized.TestNetsales()[pri:0, instance:pkg1.Optimized@643b1d11] output={null}]]]>
              </value>
            </param>
          </params>
          <reporter-output>
          </reporter-output>
        </test-method> <!-- tearDown -->
        <test-method status="PASS" signature="TestCheckAvg()[pri:0, instance:pkg1.Optimized@643b1d11]" name="TestCheckAvg" duration-ms="209491" started-at="2017-05-22T20:31:49Z" finished-at="2017-05-22T20:35:18Z">
          <reporter-output>
          </reporter-output>
        </test-method> <!-- TestCheckAvg -->
        <test-method status="PASS" signature="tearDown(org.testng.ITestResult)[pri:0, instance:pkg1.Optimized@643b1d11]" name="tearDown" is-config="true" duration-ms="83" started-at="2017-05-22T20:35:18Z" finished-at="2017-05-22T20:35:18Z">
          <params>
            <param index="0">
              <value>
                <![CDATA[[TestResult name=TestCheckAvg status=SUCCESS method=Optimized.TestCheckAvg()[pri:0, instance:pkg1.Optimized@643b1d11] output={null}]]]>
              </value>
            </param>
          </params>
          <reporter-output>
          </reporter-output>
        </test-method> <!-- tearDown -->
        <test-method status="PASS" signature="TestCheckcount()[pri:0, instance:pkg1.Optimized@643b1d11]" name="TestCheckcount" duration-ms="38565" started-at="2017-05-22T20:35:18Z" finished-at="2017-05-22T20:35:57Z">
          <reporter-output>
          </reporter-output>
        </test-method> <!-- TestCheckcount -->
        <test-method status="PASS" signature="tearDown(org.testng.ITestResult)[pri:0, instance:pkg1.Optimized@643b1d11]" name="tearDown" is-config="true" duration-ms="63" started-at="2017-05-22T20:35:57Z" finished-at="2017-05-22T20:35:57Z">
          <params>
            <param index="0">
              <value>
                <![CDATA[[TestResult name=TestCheckcount status=SUCCESS method=Optimized.TestCheckcount()[pri:0, instance:pkg1.Optimized@643b1d11] output={null}]]]>
              </value>
            </param>
          </params>
          <reporter-output>
          </reporter-output>
        </test-method> <!-- tearDown -->
        <test-method status="PASS" signature="TestDiscount()[pri:0, instance:pkg1.Optimized@643b1d11]" name="TestDiscount" duration-ms="31467" started-at="2017-05-22T20:35:57Z" finished-at="2017-05-22T20:36:28Z">
          <reporter-output>
          </reporter-output>
        </test-method> <!-- TestDiscount -->
        <test-method status="PASS" signature="tearDown(org.testng.ITestResult)[pri:0, instance:pkg1.Optimized@643b1d11]" name="tearDown" is-config="true" duration-ms="46" started-at="2017-05-22T20:36:28Z" finished-at="2017-05-22T20:36:28Z">
          <params>
            <param index="0">
              <value>
                <![CDATA[[TestResult name=TestDiscount status=SUCCESS method=Optimized.TestDiscount()[pri:0, instance:pkg1.Optimized@643b1d11] output={null}]]]>
              </value>
            </param>
          </params>
          <reporter-output>
          </reporter-output>
        </test-method> <!-- tearDown -->
        <test-method status="PASS" signature="TestgrossSales()[pri:0, instance:pkg1.Optimized@643b1d11]" name="TestgrossSales" duration-ms="24962" started-at="2017-05-22T20:36:28Z" finished-at="2017-05-22T20:36:53Z">
          <reporter-output>
          </reporter-output>
        </test-method> <!-- TestgrossSales -->
        <test-method status="PASS" signature="tearDown(org.testng.ITestResult)[pri:0, instance:pkg1.Optimized@643b1d11]" name="tearDown" is-config="true" duration-ms="52" started-at="2017-05-22T20:36:53Z" finished-at="2017-05-22T20:36:53Z">
          <params>
            <param index="0">
              <value>
                <![CDATA[[TestResult name=TestgrossSales status=SUCCESS method=Optimized.TestgrossSales()[pri:0, instance:pkg1.Optimized@643b1d11] output={null}]]]>
              </value>
            </param>
          </params>
          <reporter-output>
          </reporter-output>
        </test-method> <!-- tearDown -->
        <test-method status="PASS" signature="TestGuestCount()[pri:0, instance:pkg1.Optimized@643b1d11]" name="TestGuestCount" duration-ms="27785" started-at="2017-05-22T20:36:53Z" finished-at="2017-05-22T20:37:21Z">
          <reporter-output>
          </reporter-output>
        </test-method> <!-- TestGuestCount -->
        <test-method status="PASS" signature="tearDown(org.testng.ITestResult)[pri:0, instance:pkg1.Optimized@643b1d11]" name="tearDown" is-config="true" duration-ms="56" started-at="2017-05-22T20:37:21Z" finished-at="2017-05-22T20:37:21Z">
          <params>
            <param index="0">
              <value>
                <![CDATA[[TestResult name=TestGuestCount status=SUCCESS method=Optimized.TestGuestCount()[pri:0, instance:pkg1.Optimized@643b1d11] output={null}]]]>
              </value>
            </param>
          </params>
          <reporter-output>
          </reporter-output>
        </test-method> <!-- tearDown -->
        <test-method status="PASS" signature="TestGuestMix()[pri:0, instance:pkg1.Optimized@643b1d11]" name="TestGuestMix" duration-ms="41460" started-at="2017-05-22T20:37:21Z" finished-at="2017-05-22T20:38:03Z">
          <reporter-output>
          </reporter-output>
        </test-method> <!-- TestGuestMix -->
        <test-method status="PASS" signature="tearDown(org.testng.ITestResult)[pri:0, instance:pkg1.Optimized@643b1d11]" name="tearDown" is-config="true" duration-ms="54" started-at="2017-05-22T20:38:03Z" finished-at="2017-05-22T20:38:03Z">
          <params>
            <param index="0">
              <value>
                <![CDATA[[TestResult name=TestGuestMix status=SUCCESS method=Optimized.TestGuestMix()[pri:0, instance:pkg1.Optimized@643b1d11] output={null}]]]>
              </value>
            </param>
          </params>
          <reporter-output>
          </reporter-output>
        </test-method> <!-- tearDown -->
        <test-method status="PASS" signature="RestL3()[pri:0, instance:pkg1.Optimized@643b1d11]" name="RestL3" duration-ms="12442" started-at="2017-05-22T20:38:03Z" finished-at="2017-05-22T20:38:15Z">
          <reporter-output>
          </reporter-output>
        </test-method> <!-- RestL3 -->
        <test-method status="PASS" signature="tearDown(org.testng.ITestResult)[pri:0, instance:pkg1.Optimized@643b1d11]" name="tearDown" is-config="true" duration-ms="31" started-at="2017-05-22T20:38:15Z" finished-at="2017-05-22T20:38:15Z">
          <params>
            <param index="0">
              <value>
                <![CDATA[[TestResult name=RestL3 status=SUCCESS method=Optimized.RestL3()[pri:0, instance:pkg1.Optimized@643b1d11] output={null}]]]>
              </value>
            </param>
          </params>
          <reporter-output>
          </reporter-output>
        </test-method> <!-- tearDown -->
        <test-method status="PASS" signature="quit()[pri:0, instance:pkg1.Optimized@643b1d11]" name="quit" is-config="true" duration-ms="984" started-at="2017-05-22T20:38:15Z" finished-at="2017-05-22T20:38:16Z">
          <reporter-output>
          </reporter-output>
        </test-method> <!-- quit -->
      </class> <!-- pkg1.Optimized -->
    </test> <!-- Default test -->
  </suite> <!-- Default suite -->
</testng-results>
